
Tue Aug 04 2015 15:52:59 GMT-0700 (PDT)

Operating System
  Name                        = Mac OS X
  Version                     = 10.10.4
  Architecture                = 64bit
  # CPUs                      = 8
  Memory                      = 17179869184

Node.js
  Node.js Version             = 0.10.37
  npm Version                 = 1.4.28

Titanium CLI
  CLI Version                 = 4.0.1

Titanium SDK
  SDK Version                 = 4.1.0.GA
  SDK Path                    = /Users/Lhand/Library/Application Support/Titanium/mobilesdk/osx/4.1.0.GA
  Target Platform             = android

Command
  /usr/local/bin/node /Users/Lhand/.appcelerator/install/4.1.2/package/node_modules/appc-cli-titanium/node_modules/titanium/bin/titanium build --platform android --log-level trace --sdk 4.1.0.GA --project-dir /Users/Lhand/Desktop/Classes/AVF/HandLeviAVFGTT --target emulator --android-sdk /Users/Lhand/Library/android-sdk-macosx --device-id Google Nexus 9 - 5.1.0 - API 22 - 2048x1536 --skip-js-minify --no-colors --no-progress-bars --no-prompt --prompt-type socket-bundle --prompt-port 49611 --plugin-paths /Users/Lhand/.appcelerator/install/4.1.2/package/node_modules --config-file /var/folders/jq/zt5q19tj3l9g9_81d_5t_4nw0000gn/T/build-1438728774582.json --no-banner

[DEBUG]  Detecting modules in /Users/Lhand/Library/Application Support/Titanium/modules
[DEBUG]  Detected android module: com.appcelerator.apm 1.1.1 @ /Users/Lhand/Library/Application Support/Titanium/modules/android/com.appcelerator.apm/1.1.1
[DEBUG]  Detected android module: facebook 3.0.3 @ /Users/Lhand/Library/Application Support/Titanium/modules/android/facebook/3.0.3
[DEBUG]  Detected android module: facebook 4.0.5 @ /Users/Lhand/Library/Application Support/Titanium/modules/android/facebook/4.0.5
[DEBUG]  Detected android module: ti.cloudpush 3.3.7 @ /Users/Lhand/Library/Application Support/Titanium/modules/android/ti.cloudpush/3.3.7
[DEBUG]  Detected android module: ti.cloudpush 3.3.8 @ /Users/Lhand/Library/Application Support/Titanium/modules/android/ti.cloudpush/3.3.8
[DEBUG]  Detected android module: ti.map 2.2.3 @ /Users/Lhand/Library/Application Support/Titanium/modules/android/ti.map/2.2.3
[DEBUG]  Detected android module: ti.map 2.3.1 @ /Users/Lhand/Library/Application Support/Titanium/modules/android/ti.map/2.3.1
[DEBUG]  Detected commonjs module: ti.cloud 3.2.7 @ /Users/Lhand/Library/Application Support/Titanium/modules/commonjs/ti.cloud/3.2.7
[DEBUG]  Detected commonjs module: ti.cloud 3.2.9 @ /Users/Lhand/Library/Application Support/Titanium/modules/commonjs/ti.cloud/3.2.9
[DEBUG]  Detected iphone module: com.appcelerator.apm 1.1.1 @ /Users/Lhand/Library/Application Support/Titanium/modules/iphone/com.appcelerator.apm/1.1.1
[DEBUG]  Detected iphone module: com.appcelerator.urlSession 1.1.0 @ /Users/Lhand/Library/Application Support/Titanium/modules/iphone/com.appcelerator.urlSession/1.1.0
[DEBUG]  Detected iphone module: com.appcelerator.urlSession 1.1.1 @ /Users/Lhand/Library/Application Support/Titanium/modules/iphone/com.appcelerator.urlSession/1.1.1
[DEBUG]  Detected iphone module: facebook 3.2.0 @ /Users/Lhand/Library/Application Support/Titanium/modules/iphone/facebook/3.2.0
[DEBUG]  Detected iphone module: facebook 4.0.5 @ /Users/Lhand/Library/Application Support/Titanium/modules/iphone/facebook/4.0.5
[DEBUG]  Detected iphone module: ti.coremotion 1.1.0 @ /Users/Lhand/Library/Application Support/Titanium/modules/iphone/ti.coremotion/1.1.0
[DEBUG]  Detected iphone module: ti.map 2.2.0 @ /Users/Lhand/Library/Application Support/Titanium/modules/iphone/ti.map/2.2.0
[DEBUG]  Detected iphone module: ti.map 2.3.1 @ /Users/Lhand/Library/Application Support/Titanium/modules/iphone/ti.map/2.3.1
[DEBUG]  Detected iphone module: ti.touchid 1.1.0 @ /Users/Lhand/Library/Application Support/Titanium/modules/iphone/ti.touchid/1.1.0
[DEBUG]  Looking for Titanium module id=ti.cloud version=latest platform=commonjs deploy-type=development
[INFO]   Found Titanium module id=ti.cloud version=3.2.9 platform=commonjs deploy-type=development path=/Users/Lhand/Library/Application Support/Titanium/modules/commonjs/ti.cloud/3.2.9
[DEBUG]  No project level plugins to load
[DEBUG]  Titanium SDK Android directory: /Users/Lhand/Library/Application Support/Titanium/mobilesdk/osx/4.1.0.GA/android
[INFO]   Deploy type: development
[INFO]   Building for target: emulator
[INFO]   Building for emulator: Google Nexus 9 - 5.1.0 - API 22 - 2048x1536
[INFO]   Targeting Android SDK: 22
[INFO]   Building for the following architectures: armeabi, armeabi-v7a, x86
[INFO]   Signing with keystore: /Users/Lhand/Library/Application Support/Titanium/mobilesdk/osx/4.1.0.GA/android/dev_keystore (tidev)
[DEBUG]  App ID: com.avfgtt.handlevi
[DEBUG]  Classname: Handleviavfgtt
[INFO]   Debugging disabled
[INFO]   Profiler disabled
[INFO]   Forcing rebuild: tiapp.xml description changed since last build
[INFO]     Was: 
[INFO]     Now: undefined
[INFO]   Launching emulator: Google Nexus 9 - 5.1.0 - API 22 - 2048x1536
[TRACE]  Starting emulator: Google Nexus 9 - 5.1.0 - API 22 - 2048x1536
[TRACE]  Checking if emulator Google Nexus 9 - 5.1.0 - API 22 - 2048x1536 is running...
[TRACE]  Detecting if Google Nexus 9 - 5.1.0 - API 22 - 2048x1536 exists...
[TRACE]  Found 3 emulators
[TRACE]  Emulator exists, detecting all running emulators and connected devices...
[TRACE]  Detected 0 running emulators and connected devices
[TRACE]  Emulator not running, detecting running emulators
[TRACE]  Found 3 emulators
[TRACE]  Starting the emulator...
[INFO]   Running: /Applications/Genymotion.app/Contents/MacOS/player --vm-name "Google Nexus 9 - 5.1.0 - API 22 - 2048x1536"
[TRACE]  Emulator is starting, monitoring boot state...
[TRACE]  Checking the boot state for the next 240000 ms
[TRACE]  Waiting for emulator to register with ADB
[TRACE]  Emulator process started
[TRACE]  offline build file /var/folders/jq/zt5q19tj3l9g9_81d_5t_4nw0000gn/T/build-1771b01951563bbc06f77b5e89853500bc7170b9.json
[TRACE]  No devices found, continuing to wait
[TRACE]  online 1
[TRACE]  sending request {"json":{"username":"lhand1986@yahoo.com","session":"5964c25e3626a44583525da8ade5be6f41b1ea86 ukT8LtgSqu1Rkb/l8++zZzMuVPSR6V6S0XtbQ7Ybzs/oSQVtnpGtgMqpy+b5KFye5ZFAmyd06aK1AaVYbvx6NB17TgToZ6crtUUmG2j2p+Sca7h+y4xRdTTlcLsNJmoMUqZgRlEDMbhoQrgypp76XifCf8pUHYalpL0zOhuVXWllYsCHXvIZ2q9r0y5paEbdUHm8wNRrryasvzACElKb3faJHVzVzlTP9BWFX+6sUBvMJyqVUnk/UdlbjdiNDt1CRP7uPNg3c6qn4UozGaXWNsGIQTVPYucAW7sPfmLLTS3BZ8gZsIqSGPXat7nGY+YuxwFWHVLIrQN6xGS0y5mTNWidTkR1RlzmfdEK5Lw2XvLqhzmoUTK744onphCaK4fK+EMY0Rm+ewJlPxoZ5cTFk0Sr2AS9hx5SHKJIO5YuV5II7U8gWsFvzdkzvRrEp6tyy+AbyGluQ4GX84/qDPWkBolBgYFuvj/ewH73o5Td4inqZwDxfv+iKv26gcA+WYyOKACVR5PbAGM/suMsExsR4IT7Umwy9KSreqFaIIEEME4mqXxB5ZZMW/oHuGW495/61uAtCADuK+SYOB8WBfrzGfmqCIUS2Xutz7a0JqLZO3nR1cGOeiF9oP2RkJkxjbzigHEP5k/ECb1TUhPvZKAE5eHFKwEhXj2VXQuEb1anMoSzNmW6RbUDO18WnXa3rcJyI9QRM7vi0zDoSvoSnUtflf7wSW7zEV21t/Uaj78yS92kX1DiLyX68Lr++RmIbwqDQdNbpFIycbsrCTaoJfXU7CYAmKV558ac/reHRgc5xwY=","ipaddress":"192.168.1.111","fingerprint":"1f80dab0daedb30155dfc761d8455aa18d3fe4b6","fingerprint_description":"Mac OSX Serial Number: C02NM21VG3QN","guid":"482aa1f2-b0f3-41b2-9000-3b03ed8231e7","appid":"com.avfgtt.handlevi","name":"HandLeviAVFGTT","org_id":100038814,"deploytype":"development","tiappxml":"<?xml version=\"1.0\" encoding=\"UTF-8\"?>\n<ti:app \n  xmlns:ti=\"http://ti.appcelerator.org\">\n  <id>com.avfgtt.handlevi</id>\n  <name>HandLeviAVFGTT</name>\n  <version>1.0</version>\n  <publisher>Lhand</publisher>\n  <url>http://</url>\n  <description>undefined</description>\n  <copyright>2015 by Lhand</copyright>\n  <icon>appicon.png</icon>\n  <fullscreen>false</fullscreen>\n  <navbar-hidden>false</navbar-hidden>\n  <analytics>true</analytics>\n  <guid>482aa1f2-b0f3-41b2-9000-3b03ed8231e7</guid>\n  <property name=\"ti.ui.defaultunit\" type=\"string\">dp</property>\n  <ios>\n    <plist>\n      <dict>\n        <key>UISupportedInterfaceOrientations~iphone</key>\n        <array>\n          <string>UIInterfaceOrientationPortrait</string>\n        </array>\n        <key>UISupportedInterfaceOrientations~ipad</key>\n        <array>\n          <string>UIInterfaceOrientationPortrait</string>\n          <string>UIInterfaceOrientationPortraitUpsideDown</string>\n          <string>UIInterfaceOrientationLandscapeLeft</string>\n          <string>UIInterfaceOrientationLandscapeRight</string>\n        </array>\n        <key>UIRequiresPersistentWiFi</key>\n        <false/>\n        <key>UIPrerenderedIcon</key>\n        <false/>\n        <key>UIStatusBarHidden</key>\n        <false/>\n        <key>UIStatusBarStyle</key>\n        <string>UIStatusBarStyleDefault</string>\n      </dict>\n    </plist>\n  </ios>\n  <android \n    xmlns:android=\"http://schemas.android.com/apk/res/android\"/>\n    <mobileweb>\n      <precache/>\n      <splash>\n        <enabled>true</enabled>\n        <inline-css-images>true</inline-css-images>\n      </splash>\n      <theme>default</theme>\n    </mobileweb>\n    <modules>\n      <module platform=\"commonjs\">ti.cloud</module>\n    </modules>\n    <deployment-targets>\n      <target device=\"android\">true</target>\n      <target device=\"ipad\">true</target>\n      <target device=\"iphone\">true</target>\n      <target device=\"mobileweb\">false</target>\n      <target device=\"windows\">false</target>\n    </deployment-targets>\n    <sdk-version>4.1.0.GA</sdk-version>\n    <property name=\"appc-app-id\" type=\"string\">55c13b6d7b36cea77818c1a5</property>\n    <property name=\"acs-authbase-url-development\" type=\"string\">***</property>\n    <property name=\"acs-base-url-development\" type=\"string\">***</property>\n    <property name=\"acs-oauth-secret-development\" type=\"string\">***</property>\n    <property name=\"acs-oauth-key-development\" type=\"string\">***</property>\n    <property name=\"acs-api-key-development\" type=\"string\">***</property>\n    <property name=\"acs-username-development\" type=\"string\">***</property>\n    <property name=\"acs-password-development\" type=\"string\">***</property>\n    <property name=\"acs-authbase-url-production\" type=\"string\">***</property>\n    <property name=\"acs-base-url-production\" type=\"string\">***</property>\n    <property name=\"acs-oauth-secret-production\" type=\"string\">***</property>\n    <property name=\"acs-oauth-key-production\" type=\"string\">***</property>\n    <property name=\"acs-api-key-production\" type=\"string\">***</property>\n    <property name=\"acs-username-production\" type=\"string\">***</property>\n    <property name=\"acs-password-production\" type=\"string\">***</property>\n    <property name=\"appc-org-id\" type=\"string\">100038814</property>\n    <property name=\"appc-creator-user-id\" type=\"string\">6794b9fc-09db-4fb2-be73-7f94b0f96019</property>\n  </ti:app>","modules":[{"id":"ti.cloud","platform":["commonjs"],"deployType":["development"],"modulePath":"/Users/Lhand/Library/Application Support/Titanium/modules/commonjs/ti.cloud/3.2.9","version":"3.2.9","manifest":{"version":"3.2.9","description":"Appcelerator Cloud Services","author":"Dawson Toth, Jeff English, Jon Alter, Paul Lv, Michael Goff, and Pedro Enrique","license":"Appcelerator Commercial License","copyright":"Copyright (c) 2011-2014 by Appcelerator,  Inc.","name":"ti.cloud","moduleid":"ti.cloud","guid":"1056b5d2-2bb5-4339-b930-297637aeec4e","platform":"commonjs","minsdk":"2.1.0"},"native":false,"libFile":"/Users/Lhand/Library/Application Support/Titanium/modules/commonjs/ti.cloud/3.2.9/ti.cloud.js"}]},"gzip":true,"followAllRedirects":true,"url":"https://security.appcelerator.com/build-verify"}
[TRACE]  result from /build-verify=> {"key":"70kE9Pa2ujwXe1plkN/2Mw==","pepper":"Cgs4E9JGKaJJj/KmMx4xyA==","hmacKey":"pE87MqICjlHaxLKJq/mp1A==","o":100038814,"u":"6794b9fc-09db-4fb2-be73-7f94b0f96019","p":"free","i":"55c1424c7ed7bbfaa7d73a00","success":true}, err=null
[INFO]   JavaScript files need to be encrypted
[WARN]   Overwriting file /Users/Lhand/Desktop/Classes/AVF/HandLeviAVFGTT/build/android/bin/assets/Resources/KS_nav_ui.png
[DEBUG]  Symlinking /Users/Lhand/Desktop/Classes/AVF/HandLeviAVFGTT/Resources/KS_nav_ui.png => /Users/Lhand/Desktop/Classes/AVF/HandLeviAVFGTT/build/android/bin/assets/Resources/KS_nav_ui.png
[WARN]   Overwriting file /Users/Lhand/Desktop/Classes/AVF/HandLeviAVFGTT/build/android/bin/assets/Resources/KS_nav_views.png
[DEBUG]  Symlinking /Users/Lhand/Desktop/Classes/AVF/HandLeviAVFGTT/Resources/KS_nav_views.png => /Users/Lhand/Desktop/Classes/AVF/HandLeviAVFGTT/build/android/bin/assets/Resources/KS_nav_views.png
[DEBUG]  Ignoring /Users/Lhand/Desktop/Classes/AVF/HandLeviAVFGTT/Resources/android
[DEBUG]  Ignoring /Users/Lhand/Desktop/Classes/AVF/HandLeviAVFGTT/Resources/iphone
[WARN]   Overwriting file /Users/Lhand/Desktop/Classes/AVF/HandLeviAVFGTT/build/android/bin/assets/Resources/appicon.png
[DEBUG]  Symlinking /Users/Lhand/Desktop/Classes/AVF/HandLeviAVFGTT/Resources/android/appicon.png => /Users/Lhand/Desktop/Classes/AVF/HandLeviAVFGTT/build/android/bin/assets/Resources/appicon.png
[DEBUG]  Symlinking /Users/Lhand/Desktop/Classes/AVF/HandLeviAVFGTT/Resources/android/default.png => /Users/Lhand/Desktop/Classes/AVF/HandLeviAVFGTT/build/android/res/drawable/background.png
[DEBUG]  Symlinking /Users/Lhand/Desktop/Classes/AVF/HandLeviAVFGTT/Resources/android/images/res-long-land-hdpi/default.png => /Users/Lhand/Desktop/Classes/AVF/HandLeviAVFGTT/build/android/res/drawable-long-land-hdpi/background.png
[DEBUG]  Symlinking /Users/Lhand/Desktop/Classes/AVF/HandLeviAVFGTT/Resources/android/images/res-long-land-ldpi/default.png => /Users/Lhand/Desktop/Classes/AVF/HandLeviAVFGTT/build/android/res/drawable-long-land-ldpi/background.png
[DEBUG]  Symlinking /Users/Lhand/Desktop/Classes/AVF/HandLeviAVFGTT/Resources/android/images/res-long-port-hdpi/default.png => /Users/Lhand/Desktop/Classes/AVF/HandLeviAVFGTT/build/android/res/drawable-long-port-hdpi/background.png
[DEBUG]  Symlinking /Users/Lhand/Desktop/Classes/AVF/HandLeviAVFGTT/Resources/android/images/res-long-port-ldpi/default.png => /Users/Lhand/Desktop/Classes/AVF/HandLeviAVFGTT/build/android/res/drawable-long-port-ldpi/background.png
[DEBUG]  Symlinking /Users/Lhand/Desktop/Classes/AVF/HandLeviAVFGTT/Resources/android/images/res-notlong-land-hdpi/default.png => /Users/Lhand/Desktop/Classes/AVF/HandLeviAVFGTT/build/android/res/drawable-notlong-land-hdpi/background.png
[DEBUG]  Symlinking /Users/Lhand/Desktop/Classes/AVF/HandLeviAVFGTT/Resources/android/images/res-notlong-land-ldpi/default.png => /Users/Lhand/Desktop/Classes/AVF/HandLeviAVFGTT/build/android/res/drawable-notlong-land-ldpi/background.png
[DEBUG]  Symlinking /Users/Lhand/Desktop/Classes/AVF/HandLeviAVFGTT/Resources/android/images/res-notlong-land-mdpi/default.png => /Users/Lhand/Desktop/Classes/AVF/HandLeviAVFGTT/build/android/res/drawable-notlong-land-mdpi/background.png
[DEBUG]  Symlinking /Users/Lhand/Desktop/Classes/AVF/HandLeviAVFGTT/Resources/android/images/res-notlong-port-hdpi/default.png => /Users/Lhand/Desktop/Classes/AVF/HandLeviAVFGTT/build/android/res/drawable-notlong-port-hdpi/background.png
[DEBUG]  Symlinking /Users/Lhand/Desktop/Classes/AVF/HandLeviAVFGTT/Resources/android/images/res-notlong-port-ldpi/default.png => /Users/Lhand/Desktop/Classes/AVF/HandLeviAVFGTT/build/android/res/drawable-notlong-port-ldpi/background.png
[DEBUG]  Symlinking /Users/Lhand/Desktop/Classes/AVF/HandLeviAVFGTT/Resources/android/images/res-notlong-port-mdpi/default.png => /Users/Lhand/Desktop/Classes/AVF/HandLeviAVFGTT/build/android/res/drawable-notlong-port-mdpi/background.png
[DEBUG]  Symlinking /Users/Lhand/Desktop/Classes/AVF/HandLeviAVFGTT/build/android/bin/assets/Resources/appicon.png => /Users/Lhand/Desktop/Classes/AVF/HandLeviAVFGTT/build/android/res/drawable/appicon.png
[INFO]   Processing JavaScript files
[DEBUG]  Symlinking /Users/Lhand/Desktop/Classes/AVF/HandLeviAVFGTT/Resources/app.js => /Users/Lhand/Desktop/Classes/AVF/HandLeviAVFGTT/build/android/assets/app.js
[DEBUG]  Symlinking /Users/Lhand/Library/Application Support/Titanium/modules/commonjs/ti.cloud/3.2.9/ti.cloud.js => /Users/Lhand/Desktop/Classes/AVF/HandLeviAVFGTT/build/android/assets/ti.cloud.js
[INFO]   Encrypting JavaScript files: /Users/Lhand/Library/Application Support/Titanium/mobilesdk/osx/4.1.0.GA/android/titanium_prep.macos "com.avfgtt.handlevi" "/Users/Lhand/Desktop/Classes/AVF/HandLeviAVFGTT/build/android/assets" "app.js" "ti.cloud.js" "_app_props_.json"
[DEBUG]  Adding library /Users/Lhand/Library/Application Support/Titanium/mobilesdk/osx/4.1.0.GA/android/kroll-v8.jar
[DEBUG]  Adding library /Users/Lhand/Library/Application Support/Titanium/mobilesdk/osx/4.1.0.GA/android/modules/titanium-analytics.jar
[DEBUG]  Adding dependency library /Users/Lhand/Library/Application Support/Titanium/mobilesdk/osx/4.1.0.GA/android/aps-analytics.jar
[DEBUG]  Adding library /Users/Lhand/Library/Application Support/Titanium/mobilesdk/osx/4.1.0.GA/android/modules/titanium-android.jar
[DEBUG]  Adding dependency library /Users/Lhand/Library/Application Support/Titanium/mobilesdk/osx/4.1.0.GA/android/jaxen-1.1.1.jar
[DEBUG]  Adding dependency library /Users/Lhand/Library/Application Support/Titanium/mobilesdk/osx/4.1.0.GA/android/ti-commons-codec-1.3.jar
[DEBUG]  Adding dependency library /Users/Lhand/Library/Application Support/Titanium/mobilesdk/osx/4.1.0.GA/android/kroll-common.jar
[DEBUG]  Adding dependency library /Users/Lhand/Library/Application Support/Titanium/mobilesdk/osx/4.1.0.GA/android/titanium.jar
[DEBUG]  Adding library /Users/Lhand/Library/Application Support/Titanium/mobilesdk/osx/4.1.0.GA/android/modules/titanium-app.jar
[DEBUG]  Adding library /Users/Lhand/Library/Application Support/Titanium/mobilesdk/osx/4.1.0.GA/android/modules/titanium-ui.jar
[DEBUG]  Adding dependency library /Users/Lhand/Library/Application Support/Titanium/mobilesdk/osx/4.1.0.GA/android/nineoldandroids-appc-2.4.0.jar
[DEBUG]  Adding library /Users/Lhand/Library/Application Support/Titanium/mobilesdk/osx/4.1.0.GA/android/modules/titanium-filesystem.jar
[DEBUG]  Adding library /Users/Lhand/Library/Application Support/Titanium/mobilesdk/osx/4.1.0.GA/android/modules/titanium-media.jar
[DEBUG]  Adding library /Users/Lhand/Library/Application Support/Titanium/mobilesdk/osx/4.1.0.GA/android/modules/titanium-appcompat.jar
[DEBUG]  Adding dependency library /Users/Lhand/Library/Application Support/Titanium/mobilesdk/osx/4.1.0.GA/android/android-support-v4.jar
[DEBUG]  Adding dependency library /Users/Lhand/Library/Application Support/Titanium/mobilesdk/osx/4.1.0.GA/android/android-support-v7-appcompat.jar
[DEBUG]  Adding library /Users/Lhand/Library/Application Support/Titanium/mobilesdk/osx/4.1.0.GA/android/modules/titanium-locale.jar
[DEBUG]  Adding library /Users/Lhand/Library/Application Support/Titanium/mobilesdk/osx/4.1.0.GA/android/modules/titanium-network.jar
[DEBUG]  Adding dependency library /Users/Lhand/Library/Application Support/Titanium/mobilesdk/osx/4.1.0.GA/android/thirdparty.jar
[DEBUG]  Adding library /Users/Lhand/Library/Application Support/Titanium/mobilesdk/osx/4.1.0.GA/android/modules/titanium-xml.jar
[DEBUG]  Adding library /Users/Lhand/Library/Application Support/Titanium/mobilesdk/osx/4.1.0.GA/android/modules/titanium-utils.jar
[DEBUG]  Adding library /Users/Lhand/Library/Application Support/Titanium/mobilesdk/osx/4.1.0.GA/android/modules/titanium-geolocation.jar
[DEBUG]  Adding library /Users/Lhand/Library/Application Support/Titanium/mobilesdk/osx/4.1.0.GA/android/modules/titanium-accelerometer.jar
[DEBUG]  Adding library /Users/Lhand/Library/Application Support/Titanium/mobilesdk/osx/4.1.0.GA/android/modules/titanium-contacts.jar
[DEBUG]  Adding library /Users/Lhand/Library/Application Support/Titanium/mobilesdk/osx/4.1.0.GA/android/modules/titanium-map.jar
[DEBUG]  Adding library /Users/Lhand/Library/Application Support/Titanium/mobilesdk/osx/4.1.0.GA/android/modules/titanium-calendar.jar
[DEBUG]  Adding library /Users/Lhand/Library/Application Support/Titanium/mobilesdk/osx/4.1.0.GA/android/modules/titanium-gesture.jar
[DEBUG]  Adding library /Users/Lhand/Library/Application Support/Titanium/mobilesdk/osx/4.1.0.GA/android/modules/titanium-platform.jar
[DEBUG]  Adding library /Users/Lhand/Library/Application Support/Titanium/mobilesdk/osx/4.1.0.GA/android/modules/titanium-database.jar
[DEBUG]  Unknown namespace app.deploytype, skipping
[DEBUG]  Unknown namespace api, skipping
[DEBUG]  Unknown namespace ui.ios, skipping
[INFO]   Writing /Users/Lhand/Desktop/Classes/AVF/HandLeviAVFGTT/build/android/bin/assets/app.json
[INFO]   Extracting module resources: /Users/Lhand/Library/Application Support/Titanium/mobilesdk/osx/4.1.0.GA/android/modules/titanium-analytics.res.zip
[DEBUG]  Copying /var/folders/jq/zt5q19tj3l9g9_81d_5t_4nw0000gn/T/11574-1185-ukakwk/res/values/strings.xml => /Users/Lhand/Desktop/Classes/AVF/HandLeviAVFGTT/build/android/res/values/strings.xml
[INFO]   Extracting module resources: /Users/Lhand/Library/Application Support/Titanium/mobilesdk/osx/4.1.0.GA/android/modules/titanium-android.res.zip
[DEBUG]  Merging /var/folders/jq/zt5q19tj3l9g9_81d_5t_4nw0000gn/T/11574-1185-191foci/res/values/strings.xml => /Users/Lhand/Desktop/Classes/AVF/HandLeviAVFGTT/build/android/res/values/strings.xml
[INFO]   Extracting module resources: /Users/Lhand/Library/Application Support/Titanium/mobilesdk/osx/4.1.0.GA/android/modules/titanium-app.res.zip
[DEBUG]  Merging /var/folders/jq/zt5q19tj3l9g9_81d_5t_4nw0000gn/T/11574-1185-1fmt99r/res/values/strings.xml => /Users/Lhand/Desktop/Classes/AVF/HandLeviAVFGTT/build/android/res/values/strings.xml
[INFO]   Extracting module resources: /Users/Lhand/Library/Application Support/Titanium/mobilesdk/osx/4.1.0.GA/android/modules/titanium-filesystem.res.zip
[DEBUG]  Merging /var/folders/jq/zt5q19tj3l9g9_81d_5t_4nw0000gn/T/11574-1185-z9zaqj/res/values/strings.xml => /Users/Lhand/Desktop/Classes/AVF/HandLeviAVFGTT/build/android/res/values/strings.xml
[INFO]   Extracting module resources: /Users/Lhand/Library/Application Support/Titanium/mobilesdk/osx/4.1.0.GA/android/modules/titanium-media.res.zip
[DEBUG]  Merging /var/folders/jq/zt5q19tj3l9g9_81d_5t_4nw0000gn/T/11574-1185-4ohhym/res/values/strings.xml => /Users/Lhand/Desktop/Classes/AVF/HandLeviAVFGTT/build/android/res/values/strings.xml
[INFO]   Extracting module resources: /Users/Lhand/Library/Application Support/Titanium/mobilesdk/osx/4.1.0.GA/android/modules/titanium-locale.res.zip
[DEBUG]  Merging /var/folders/jq/zt5q19tj3l9g9_81d_5t_4nw0000gn/T/11574-1185-drbk7p/res/values/strings.xml => /Users/Lhand/Desktop/Classes/AVF/HandLeviAVFGTT/build/android/res/values/strings.xml
[INFO]   Extracting module resources: /Users/Lhand/Library/Application Support/Titanium/mobilesdk/osx/4.1.0.GA/android/modules/titanium-network.res.zip
[DEBUG]  Merging /var/folders/jq/zt5q19tj3l9g9_81d_5t_4nw0000gn/T/11574-1185-97cbze/res/values/strings.xml => /Users/Lhand/Desktop/Classes/AVF/HandLeviAVFGTT/build/android/res/values/strings.xml
[INFO]   Extracting module resources: /Users/Lhand/Library/Application Support/Titanium/mobilesdk/osx/4.1.0.GA/android/modules/titanium-xml.res.zip
[DEBUG]  Merging /var/folders/jq/zt5q19tj3l9g9_81d_5t_4nw0000gn/T/11574-1185-1ehv585/res/values/strings.xml => /Users/Lhand/Desktop/Classes/AVF/HandLeviAVFGTT/build/android/res/values/strings.xml
[INFO]   Extracting module resources: /Users/Lhand/Library/Application Support/Titanium/mobilesdk/osx/4.1.0.GA/android/modules/titanium-utils.res.zip
[DEBUG]  Merging /var/folders/jq/zt5q19tj3l9g9_81d_5t_4nw0000gn/T/11574-1185-7bchmf/res/values/strings.xml => /Users/Lhand/Desktop/Classes/AVF/HandLeviAVFGTT/build/android/res/values/strings.xml
[INFO]   Extracting module resources: /Users/Lhand/Library/Application Support/Titanium/mobilesdk/osx/4.1.0.GA/android/modules/titanium-geolocation.res.zip
[DEBUG]  Merging /var/folders/jq/zt5q19tj3l9g9_81d_5t_4nw0000gn/T/11574-1185-1pg7uk2/res/values/strings.xml => /Users/Lhand/Desktop/Classes/AVF/HandLeviAVFGTT/build/android/res/values/strings.xml
[INFO]   Extracting module resources: /Users/Lhand/Library/Application Support/Titanium/mobilesdk/osx/4.1.0.GA/android/modules/titanium-accelerometer.res.zip
[DEBUG]  Merging /var/folders/jq/zt5q19tj3l9g9_81d_5t_4nw0000gn/T/11574-1185-43gjr0/res/values/strings.xml => /Users/Lhand/Desktop/Classes/AVF/HandLeviAVFGTT/build/android/res/values/strings.xml
[INFO]   Extracting module resources: /Users/Lhand/Library/Application Support/Titanium/mobilesdk/osx/4.1.0.GA/android/modules/titanium-contacts.res.zip
[DEBUG]  Merging /var/folders/jq/zt5q19tj3l9g9_81d_5t_4nw0000gn/T/11574-1185-1b0elt7/res/values/strings.xml => /Users/Lhand/Desktop/Classes/AVF/HandLeviAVFGTT/build/android/res/values/strings.xml
[INFO]   Extracting module resources: /Users/Lhand/Library/Application Support/Titanium/mobilesdk/osx/4.1.0.GA/android/modules/titanium-map.res.zip
[DEBUG]  Merging /var/folders/jq/zt5q19tj3l9g9_81d_5t_4nw0000gn/T/11574-1185-kpn2q7/res/values/strings.xml => /Users/Lhand/Desktop/Classes/AVF/HandLeviAVFGTT/build/android/res/values/strings.xml
[INFO]   Extracting module resources: /Users/Lhand/Library/Application Support/Titanium/mobilesdk/osx/4.1.0.GA/android/modules/titanium-calendar.res.zip
[DEBUG]  Merging /var/folders/jq/zt5q19tj3l9g9_81d_5t_4nw0000gn/T/11574-1185-f45zzi/res/values/strings.xml => /Users/Lhand/Desktop/Classes/AVF/HandLeviAVFGTT/build/android/res/values/strings.xml
[INFO]   Extracting module resources: /Users/Lhand/Library/Application Support/Titanium/mobilesdk/osx/4.1.0.GA/android/modules/titanium-gesture.res.zip
[DEBUG]  Merging /var/folders/jq/zt5q19tj3l9g9_81d_5t_4nw0000gn/T/11574-1185-1u5rji4/res/values/strings.xml => /Users/Lhand/Desktop/Classes/AVF/HandLeviAVFGTT/build/android/res/values/strings.xml
[INFO]   Extracting module resources: /Users/Lhand/Library/Application Support/Titanium/mobilesdk/osx/4.1.0.GA/android/modules/titanium-platform.res.zip
[DEBUG]  Merging /var/folders/jq/zt5q19tj3l9g9_81d_5t_4nw0000gn/T/11574-1185-v57wyz/res/values/strings.xml => /Users/Lhand/Desktop/Classes/AVF/HandLeviAVFGTT/build/android/res/values/strings.xml
[INFO]   Extracting module resources: /Users/Lhand/Library/Application Support/Titanium/mobilesdk/osx/4.1.0.GA/android/modules/titanium-database.res.zip
[DEBUG]  Merging /var/folders/jq/zt5q19tj3l9g9_81d_5t_4nw0000gn/T/11574-1185-1g5n9mr/res/values/strings.xml => /Users/Lhand/Desktop/Classes/AVF/HandLeviAVFGTT/build/android/res/values/strings.xml
[DEBUG]  Removing old file: /Users/Lhand/Desktop/Classes/AVF/HandLeviAVFGTT/build/android/.classpath
[DEBUG]  Removing old file: /Users/Lhand/Desktop/Classes/AVF/HandLeviAVFGTT/build/android/.gitignore
[DEBUG]  Removing old file: /Users/Lhand/Desktop/Classes/AVF/HandLeviAVFGTT/build/android/.project
[DEBUG]  Removing old file: /Users/Lhand/Desktop/Classes/AVF/HandLeviAVFGTT/build/android/AndroidManifest.xml
[DEBUG]  Removing old file: /Users/Lhand/Desktop/Classes/AVF/HandLeviAVFGTT/build/android/bin/assets/Resources/_app_props_.json
[DEBUG]  Removing old file: /Users/Lhand/Desktop/Classes/AVF/HandLeviAVFGTT/build/android/bin/assets/Resources/app.js
[DEBUG]  Removing old file: /Users/Lhand/Desktop/Classes/AVF/HandLeviAVFGTT/build/android/bin/assets/Resources/ti.cloud.js
[DEBUG]  Removing old file: /Users/Lhand/Desktop/Classes/AVF/HandLeviAVFGTT/build/android/default.properties
[DEBUG]  Removing old file: /Users/Lhand/Desktop/Classes/AVF/HandLeviAVFGTT/build/android/java-sources.txt
[DEBUG]  Copying template /Users/Lhand/Library/Application Support/Titanium/mobilesdk/osx/4.1.0.GA/android/templates/build/AppInfo.java => /Users/Lhand/Desktop/Classes/AVF/HandLeviAVFGTT/build/android/gen/com/avfgtt/handlevi/HandleviavfgttAppInfo.java
[DEBUG]  Copying template /Users/Lhand/Library/Application Support/Titanium/mobilesdk/osx/4.1.0.GA/android/templates/build/App.java => /Users/Lhand/Desktop/Classes/AVF/HandLeviAVFGTT/build/android/gen/com/avfgtt/handlevi/HandleviavfgttApplication.java
[DEBUG]  Copying template /Users/Lhand/Library/Application Support/Titanium/mobilesdk/osx/4.1.0.GA/android/templates/build/Activity.java => /Users/Lhand/Desktop/Classes/AVF/HandLeviAVFGTT/build/android/gen/com/avfgtt/handlevi/HandleviavfgttActivity.java
[DEBUG]  Copying template /Users/Lhand/Library/Application Support/Titanium/mobilesdk/osx/4.1.0.GA/android/templates/build/project => /Users/Lhand/Desktop/Classes/AVF/HandLeviAVFGTT/build/android/.project
[DEBUG]  Copying template /Users/Lhand/Library/Application Support/Titanium/mobilesdk/osx/4.1.0.GA/android/templates/build/default.properties => /Users/Lhand/Desktop/Classes/AVF/HandLeviAVFGTT/build/android/default.properties
[DEBUG]  Copying /Users/Lhand/Library/Application Support/Titanium/mobilesdk/osx/4.1.0.GA/android/templates/build/gitignore => /Users/Lhand/Desktop/Classes/AVF/HandLeviAVFGTT/build/android/.gitignore
[DEBUG]  Copying /Users/Lhand/Library/Application Support/Titanium/mobilesdk/osx/4.1.0.GA/android/templates/build/classpath => /Users/Lhand/Desktop/Classes/AVF/HandLeviAVFGTT/build/android/.classpath
[INFO]   No aidl files to compile, continuing
[INFO]   Generating i18n files
[DEBUG]  Merging en strings => /Users/Lhand/Desktop/Classes/AVF/HandLeviAVFGTT/build/android/res/values/strings.xml
[INFO]   Generating /Users/Lhand/Desktop/Classes/AVF/HandLeviAVFGTT/build/android/res/values/theme.xml
[INFO]   Packaging application: /Users/Lhand/Library/android-sdk-macosx/build-tools/23.0.0-preview/aapt "package" "-f" "-m" "-J" "/Users/Lhand/Desktop/Classes/AVF/HandLeviAVFGTT/build/android/gen" "-M" "/Users/Lhand/Desktop/Classes/AVF/HandLeviAVFGTT/build/android/AndroidManifest.xml" "-A" "/Users/Lhand/Desktop/Classes/AVF/HandLeviAVFGTT/build/android/bin/assets" "-S" "/Users/Lhand/Desktop/Classes/AVF/HandLeviAVFGTT/build/android/res" "-I" "/Users/Lhand/Library/android-sdk-macosx/platforms/android-22/android.jar" "-F" "/Users/Lhand/Desktop/Classes/AVF/HandLeviAVFGTT/build/android/bin/app.ap_" "--auto-add-overlay" "--extra-packages" "ti.modules.titanium.ui:android.support.v7.appcompat" "-S" "/var/folders/jq/zt5q19tj3l9g9_81d_5t_4nw0000gn/T/11574-1185-1nbq85c/res" "-S" "/var/folders/jq/zt5q19tj3l9g9_81d_5t_4nw0000gn/T/11574-1185-2yz62b/res"
[INFO]   Building Java source files: /Library/Java/JavaVirtualMachines/jdk1.7.0_80.jdk/Contents/Home/bin/javac "-J-Xmx256M" "-encoding" "utf8" "-bootclasspath" "/Users/Lhand/Library/android-sdk-macosx/platforms/android-22/android.jar:/Users/Lhand/Library/Application Support/Titanium/mobilesdk/osx/4.1.0.GA/android/kroll-v8.jar:/Users/Lhand/Library/Application Support/Titanium/mobilesdk/osx/4.1.0.GA/android/modules/titanium-analytics.jar:/Users/Lhand/Library/Application Support/Titanium/mobilesdk/osx/4.1.0.GA/android/aps-analytics.jar:/Users/Lhand/Library/Application Support/Titanium/mobilesdk/osx/4.1.0.GA/android/modules/titanium-android.jar:/Users/Lhand/Library/Application Support/Titanium/mobilesdk/osx/4.1.0.GA/android/jaxen-1.1.1.jar:/Users/Lhand/Library/Application Support/Titanium/mobilesdk/osx/4.1.0.GA/android/ti-commons-codec-1.3.jar:/Users/Lhand/Library/Application Support/Titanium/mobilesdk/osx/4.1.0.GA/android/kroll-common.jar:/Users/Lhand/Library/Application Support/Titanium/mobilesdk/osx/4.1.0.GA/android/titanium.jar:/Users/Lhand/Library/Application Support/Titanium/mobilesdk/osx/4.1.0.GA/android/modules/titanium-app.jar:/Users/Lhand/Library/Application Support/Titanium/mobilesdk/osx/4.1.0.GA/android/modules/titanium-ui.jar:/Users/Lhand/Library/Application Support/Titanium/mobilesdk/osx/4.1.0.GA/android/nineoldandroids-appc-2.4.0.jar:/Users/Lhand/Library/Application Support/Titanium/mobilesdk/osx/4.1.0.GA/android/modules/titanium-filesystem.jar:/Users/Lhand/Library/Application Support/Titanium/mobilesdk/osx/4.1.0.GA/android/modules/titanium-media.jar:/Users/Lhand/Library/Application Support/Titanium/mobilesdk/osx/4.1.0.GA/android/modules/titanium-appcompat.jar:/Users/Lhand/Library/Application Support/Titanium/mobilesdk/osx/4.1.0.GA/android/android-support-v4.jar:/Users/Lhand/Library/Application Support/Titanium/mobilesdk/osx/4.1.0.GA/android/android-support-v7-appcompat.jar:/Users/Lhand/Library/Application Support/Titanium/mobilesdk/osx/4.1.0.GA/android/modules/titanium-locale.jar:/Users/Lhand/Library/Application Support/Titanium/mobilesdk/osx/4.1.0.GA/android/modules/titanium-network.jar:/Users/Lhand/Library/Application Support/Titanium/mobilesdk/osx/4.1.0.GA/android/thirdparty.jar:/Users/Lhand/Library/Application Support/Titanium/mobilesdk/osx/4.1.0.GA/android/modules/titanium-xml.jar:/Users/Lhand/Library/Application Support/Titanium/mobilesdk/osx/4.1.0.GA/android/modules/titanium-utils.jar:/Users/Lhand/Library/Application Support/Titanium/mobilesdk/osx/4.1.0.GA/android/modules/titanium-geolocation.jar:/Users/Lhand/Library/Application Support/Titanium/mobilesdk/osx/4.1.0.GA/android/modules/titanium-accelerometer.jar:/Users/Lhand/Library/Application Support/Titanium/mobilesdk/osx/4.1.0.GA/android/modules/titanium-contacts.jar:/Users/Lhand/Library/Application Support/Titanium/mobilesdk/osx/4.1.0.GA/android/modules/titanium-map.jar:/Users/Lhand/Library/Application Support/Titanium/mobilesdk/osx/4.1.0.GA/android/modules/titanium-calendar.jar:/Users/Lhand/Library/Application Support/Titanium/mobilesdk/osx/4.1.0.GA/android/modules/titanium-gesture.jar:/Users/Lhand/Library/Application Support/Titanium/mobilesdk/osx/4.1.0.GA/android/modules/titanium-platform.jar:/Users/Lhand/Library/Application Support/Titanium/mobilesdk/osx/4.1.0.GA/android/modules/titanium-database.jar:/Users/Lhand/Library/Application Support/Titanium/mobilesdk/osx/4.1.0.GA/android/lib/titanium-verify.jar:R.class:ApplicationStylesheet.class:AssetCryptImpl.class:HandleviavfgttActivity.class:HandleviavfgttAppInfo.class:HandleviavfgttApplication.class" "-d" "/Users/Lhand/Desktop/Classes/AVF/HandLeviAVFGTT/build/android/bin/classes" "-proc:none" "-target" "1.6" "-source" "1.6" "@/Users/Lhand/Desktop/Classes/AVF/HandLeviAVFGTT/build/android/java-sources.txt"
[INFO]   Running dexer: /Library/Java/JavaVirtualMachines/jdk1.7.0_80.jdk/Contents/Home/bin/java "-Xmx1024M" "-XX:-UseGCOverheadLimit" "-Djava.ext.dirs=/Users/Lhand/Library/android-sdk-macosx/platform-tools" "-jar" "/Users/Lhand/Library/android-sdk-macosx/build-tools/23.0.0-preview/lib/dx.jar" "--dex" "--output=/Users/Lhand/Desktop/Classes/AVF/HandLeviAVFGTT/build/android/bin/classes.dex" "/Users/Lhand/Desktop/Classes/AVF/HandLeviAVFGTT/build/android/bin/classes" "/Users/Lhand/Library/Application Support/Titanium/mobilesdk/osx/4.1.0.GA/android/lib/titanium-verify.jar" "/Users/Lhand/Library/Application Support/Titanium/mobilesdk/osx/4.1.0.GA/android/kroll-v8.jar" "/Users/Lhand/Library/Application Support/Titanium/mobilesdk/osx/4.1.0.GA/android/modules/titanium-analytics.jar" "/Users/Lhand/Library/Application Support/Titanium/mobilesdk/osx/4.1.0.GA/android/aps-analytics.jar" "/Users/Lhand/Library/Application Support/Titanium/mobilesdk/osx/4.1.0.GA/android/modules/titanium-android.jar" "/Users/Lhand/Library/Application Support/Titanium/mobilesdk/osx/4.1.0.GA/android/jaxen-1.1.1.jar" "/Users/Lhand/Library/Application Support/Titanium/mobilesdk/osx/4.1.0.GA/android/ti-commons-codec-1.3.jar" "/Users/Lhand/Library/Application Support/Titanium/mobilesdk/osx/4.1.0.GA/android/kroll-common.jar" "/Users/Lhand/Library/Application Support/Titanium/mobilesdk/osx/4.1.0.GA/android/titanium.jar" "/Users/Lhand/Library/Application Support/Titanium/mobilesdk/osx/4.1.0.GA/android/modules/titanium-app.jar" "/Users/Lhand/Library/Application Support/Titanium/mobilesdk/osx/4.1.0.GA/android/modules/titanium-ui.jar" "/Users/Lhand/Library/Application Support/Titanium/mobilesdk/osx/4.1.0.GA/android/nineoldandroids-appc-2.4.0.jar" "/Users/Lhand/Library/Application Support/Titanium/mobilesdk/osx/4.1.0.GA/android/modules/titanium-filesystem.jar" "/Users/Lhand/Library/Application Support/Titanium/mobilesdk/osx/4.1.0.GA/android/modules/titanium-media.jar" "/Users/Lhand/Library/Application Support/Titanium/mobilesdk/osx/4.1.0.GA/android/modules/titanium-appcompat.jar" "/Users/Lhand/Library/Application Support/Titanium/mobilesdk/osx/4.1.0.GA/android/android-support-v4.jar" "/Users/Lhand/Library/Application Support/Titanium/mobilesdk/osx/4.1.0.GA/android/android-support-v7-appcompat.jar" "/Users/Lhand/Library/Application Support/Titanium/mobilesdk/osx/4.1.0.GA/android/modules/titanium-locale.jar" "/Users/Lhand/Library/Application Support/Titanium/mobilesdk/osx/4.1.0.GA/android/modules/titanium-network.jar" "/Users/Lhand/Library/Application Support/Titanium/mobilesdk/osx/4.1.0.GA/android/thirdparty.jar" "/Users/Lhand/Library/Application Support/Titanium/mobilesdk/osx/4.1.0.GA/android/modules/titanium-xml.jar" "/Users/Lhand/Library/Application Support/Titanium/mobilesdk/osx/4.1.0.GA/android/modules/titanium-utils.jar" "/Users/Lhand/Library/Application Support/Titanium/mobilesdk/osx/4.1.0.GA/android/modules/titanium-geolocation.jar" "/Users/Lhand/Library/Application Support/Titanium/mobilesdk/osx/4.1.0.GA/android/modules/titanium-accelerometer.jar" "/Users/Lhand/Library/Application Support/Titanium/mobilesdk/osx/4.1.0.GA/android/modules/titanium-contacts.jar" "/Users/Lhand/Library/Application Support/Titanium/mobilesdk/osx/4.1.0.GA/android/modules/titanium-map.jar" "/Users/Lhand/Library/Application Support/Titanium/mobilesdk/osx/4.1.0.GA/android/modules/titanium-calendar.jar" "/Users/Lhand/Library/Application Support/Titanium/mobilesdk/osx/4.1.0.GA/android/modules/titanium-gesture.jar" "/Users/Lhand/Library/Application Support/Titanium/mobilesdk/osx/4.1.0.GA/android/modules/titanium-platform.jar" "/Users/Lhand/Library/Application Support/Titanium/mobilesdk/osx/4.1.0.GA/android/modules/titanium-database.jar"
[TRACE]  Found 1 devices, checking if any of them are the emulator...
[TRACE]  Emulator is running!
[TRACE]  Checking if boot animation has finished...
[TRACE]  Emulator is not booted yet; checking again in 2000 ms
[TRACE]  Emulator is not booted yet; checking again in 2000 ms
[TRACE]  Emulator is not booted yet; checking again in 2000 ms
[TRACE]  Emulator is not booted yet; checking again in 2000 ms
[TRACE]  Emulator is not booted yet; checking again in 2000 ms
[INFO]   Creating unsigned apk
[DEBUG]  Processing /Users/Lhand/Desktop/Classes/AVF/HandLeviAVFGTT/build/android/bin/app.ap_
[DEBUG]  Deflating AndroidManifest.xml
[DEBUG]  Adding assets/Resources/KS_nav_ui.png
[DEBUG]  Adding assets/Resources/KS_nav_views.png
[DEBUG]  Adding assets/Resources/appicon.png
[DEBUG]  Deflating assets/app.json
[DEBUG]  Deflating assets/index.json
[DEBUG]  Deflating res/anim/abc_fade_in.xml
[DEBUG]  Deflating res/anim/abc_fade_out.xml
[DEBUG]  Deflating res/anim/abc_grow_fade_in_from_bottom.xml
[DEBUG]  Deflating res/anim/abc_popup_enter.xml
[DEBUG]  Deflating res/anim/abc_popup_exit.xml
[DEBUG]  Deflating res/anim/abc_shrink_fade_out_from_bottom.xml
[DEBUG]  Deflating res/anim/abc_slide_in_bottom.xml
[DEBUG]  Deflating res/anim/abc_slide_in_top.xml
[DEBUG]  Deflating res/anim/abc_slide_out_bottom.xml
[DEBUG]  Deflating res/anim/abc_slide_out_top.xml
[DEBUG]  Deflating res/color-v11/abc_background_cache_hint_selector_material_dark.xml
[DEBUG]  Deflating res/color-v11/abc_background_cache_hint_selector_material_light.xml
[DEBUG]  Deflating res/color/abc_background_cache_hint_selector_material_dark.xml
[DEBUG]  Deflating res/color/abc_background_cache_hint_selector_material_light.xml
[DEBUG]  Deflating res/color/abc_primary_text_disable_only_material_dark.xml
[DEBUG]  Deflating res/color/abc_primary_text_disable_only_material_light.xml
[DEBUG]  Deflating res/color/abc_primary_text_material_dark.xml
[DEBUG]  Deflating res/color/abc_primary_text_material_light.xml
[DEBUG]  Deflating res/color/abc_search_url_text.xml
[DEBUG]  Deflating res/color/abc_secondary_text_material_dark.xml
[DEBUG]  Deflating res/color/abc_secondary_text_material_light.xml
[DEBUG]  Deflating res/color/switch_thumb_material_dark.xml
[DEBUG]  Deflating res/color/switch_thumb_material_light.xml
[DEBUG]  Adding res/drawable-hdpi-v4/abc_ab_share_pack_mtrl_alpha.9.png
[DEBUG]  Adding res/drawable-hdpi-v4/abc_btn_check_to_on_mtrl_000.png
[DEBUG]  Adding res/drawable-hdpi-v4/abc_btn_check_to_on_mtrl_015.png
[DEBUG]  Adding res/drawable-hdpi-v4/abc_btn_radio_to_on_mtrl_000.png
[DEBUG]  Adding res/drawable-hdpi-v4/abc_btn_radio_to_on_mtrl_015.png
[DEBUG]  Adding res/drawable-hdpi-v4/abc_btn_rating_star_off_mtrl_alpha.png
[DEBUG]  Adding res/drawable-hdpi-v4/abc_btn_rating_star_on_mtrl_alpha.png
[DEBUG]  Adding res/drawable-hdpi-v4/abc_btn_switch_to_on_mtrl_00001.9.png
[DEBUG]  Adding res/drawable-hdpi-v4/abc_btn_switch_to_on_mtrl_00012.9.png
[DEBUG]  Adding res/drawable-hdpi-v4/abc_cab_background_top_mtrl_alpha.9.png
[DEBUG]  Adding res/drawable-hdpi-v4/abc_ic_ab_back_mtrl_am_alpha.png
[DEBUG]  Adding res/drawable-hdpi-v4/abc_ic_clear_mtrl_alpha.png
[DEBUG]  Adding res/drawable-hdpi-v4/abc_ic_commit_search_api_mtrl_alpha.png
[DEBUG]  Adding res/drawable-hdpi-v4/abc_ic_go_search_api_mtrl_alpha.png
[DEBUG]  Adding res/drawable-hdpi-v4/abc_ic_menu_copy_mtrl_am_alpha.png
[DEBUG]  Adding res/drawable-hdpi-v4/abc_ic_menu_cut_mtrl_alpha.png
[DEBUG]  Adding res/drawable-hdpi-v4/abc_ic_menu_moreoverflow_mtrl_alpha.png
[DEBUG]  Adding res/drawable-hdpi-v4/abc_ic_menu_paste_mtrl_am_alpha.png
[DEBUG]  Adding res/drawable-hdpi-v4/abc_ic_menu_selectall_mtrl_alpha.png
[DEBUG]  Adding res/drawable-hdpi-v4/abc_ic_menu_share_mtrl_alpha.png
[DEBUG]  Adding res/drawable-hdpi-v4/abc_ic_search_api_mtrl_alpha.png
[DEBUG]  Adding res/drawable-hdpi-v4/abc_ic_voice_search_api_mtrl_alpha.png
[DEBUG]  Adding res/drawable-hdpi-v4/abc_list_divider_mtrl_alpha.9.png
[DEBUG]  Adding res/drawable-hdpi-v4/abc_list_focused_holo.9.png
[DEBUG]  Adding res/drawable-hdpi-v4/abc_list_longpressed_holo.9.png
[DEBUG]  Adding res/drawable-hdpi-v4/abc_list_pressed_holo_dark.9.png
[DEBUG]  Adding res/drawable-hdpi-v4/abc_list_pressed_holo_light.9.png
[DEBUG]  Adding res/drawable-hdpi-v4/abc_list_selector_disabled_holo_dark.9.png
[DEBUG]  Adding res/drawable-hdpi-v4/abc_list_selector_disabled_holo_light.9.png
[DEBUG]  Adding res/drawable-hdpi-v4/abc_menu_hardkey_panel_mtrl_mult.9.png
[DEBUG]  Adding res/drawable-hdpi-v4/abc_popup_background_mtrl_mult.9.png
[DEBUG]  Adding res/drawable-hdpi-v4/abc_spinner_mtrl_am_alpha.9.png
[DEBUG]  Adding res/drawable-hdpi-v4/abc_switch_track_mtrl_alpha.9.png
[DEBUG]  Adding res/drawable-hdpi-v4/abc_tab_indicator_mtrl_alpha.9.png
[DEBUG]  Adding res/drawable-hdpi-v4/abc_text_cursor_mtrl_alpha.9.png
[DEBUG]  Adding res/drawable-hdpi-v4/abc_textfield_activated_mtrl_alpha.9.png
[DEBUG]  Adding res/drawable-hdpi-v4/abc_textfield_default_mtrl_alpha.9.png
[DEBUG]  Adding res/drawable-hdpi-v4/abc_textfield_search_activated_mtrl_alpha.9.png
[DEBUG]  Adding res/drawable-hdpi-v4/abc_textfield_search_default_mtrl_alpha.9.png
[DEBUG]  Adding res/drawable-ldrtl-hdpi-v4/abc_ic_ab_back_mtrl_am_alpha.png
[DEBUG]  Adding res/drawable-ldrtl-hdpi-v4/abc_ic_menu_copy_mtrl_am_alpha.png
[DEBUG]  Adding res/drawable-ldrtl-hdpi-v4/abc_ic_menu_cut_mtrl_alpha.png
[DEBUG]  Adding res/drawable-ldrtl-hdpi-v4/abc_spinner_mtrl_am_alpha.9.png
[DEBUG]  Adding res/drawable-ldrtl-mdpi-v4/abc_ic_ab_back_mtrl_am_alpha.png
[DEBUG]  Adding res/drawable-ldrtl-mdpi-v4/abc_ic_menu_copy_mtrl_am_alpha.png
[DEBUG]  Adding res/drawable-ldrtl-mdpi-v4/abc_ic_menu_cut_mtrl_alpha.png
[DEBUG]  Adding res/drawable-ldrtl-mdpi-v4/abc_spinner_mtrl_am_alpha.9.png
[DEBUG]  Adding res/drawable-ldrtl-xhdpi-v4/abc_ic_ab_back_mtrl_am_alpha.png
[DEBUG]  Adding res/drawable-ldrtl-xhdpi-v4/abc_ic_menu_copy_mtrl_am_alpha.png
[DEBUG]  Adding res/drawable-ldrtl-xhdpi-v4/abc_ic_menu_cut_mtrl_alpha.png
[DEBUG]  Adding res/drawable-ldrtl-xhdpi-v4/abc_spinner_mtrl_am_alpha.9.png
[DEBUG]  Adding res/drawable-ldrtl-xxhdpi-v4/abc_ic_ab_back_mtrl_am_alpha.png
[DEBUG]  Adding res/drawable-ldrtl-xxhdpi-v4/abc_ic_menu_copy_mtrl_am_alpha.png
[DEBUG]  Adding res/drawable-ldrtl-xxhdpi-v4/abc_ic_menu_cut_mtrl_alpha.png
[DEBUG]  Adding res/drawable-ldrtl-xxhdpi-v4/abc_spinner_mtrl_am_alpha.9.png
[DEBUG]  Adding res/drawable-ldrtl-xxxhdpi-v4/abc_ic_ab_back_mtrl_am_alpha.png
[DEBUG]  Adding res/drawable-ldrtl-xxxhdpi-v4/abc_ic_menu_copy_mtrl_am_alpha.png
[DEBUG]  Adding res/drawable-ldrtl-xxxhdpi-v4/abc_ic_menu_cut_mtrl_alpha.png
[DEBUG]  Adding res/drawable-ldrtl-xxxhdpi-v4/abc_spinner_mtrl_am_alpha.9.png
[DEBUG]  Adding res/drawable-long-land-hdpi-v4/background.png
[DEBUG]  Adding res/drawable-long-land-ldpi-v4/background.png
[DEBUG]  Adding res/drawable-long-port-hdpi-v4/background.png
[DEBUG]  Adding res/drawable-long-port-ldpi-v4/background.png
[DEBUG]  Adding res/drawable-mdpi-v4/abc_ab_share_pack_mtrl_alpha.9.png
[DEBUG]  Adding res/drawable-mdpi-v4/abc_btn_check_to_on_mtrl_000.png
[DEBUG]  Adding res/drawable-mdpi-v4/abc_btn_check_to_on_mtrl_015.png
[DEBUG]  Adding res/drawable-mdpi-v4/abc_btn_radio_to_on_mtrl_000.png
[DEBUG]  Adding res/drawable-mdpi-v4/abc_btn_radio_to_on_mtrl_015.png
[DEBUG]  Adding res/drawable-mdpi-v4/abc_btn_rating_star_off_mtrl_alpha.png
[DEBUG]  Adding res/drawable-mdpi-v4/abc_btn_rating_star_on_mtrl_alpha.png
[DEBUG]  Adding res/drawable-mdpi-v4/abc_btn_switch_to_on_mtrl_00001.9.png
[DEBUG]  Adding res/drawable-mdpi-v4/abc_btn_switch_to_on_mtrl_00012.9.png
[DEBUG]  Adding res/drawable-mdpi-v4/abc_cab_background_top_mtrl_alpha.9.png
[DEBUG]  Adding res/drawable-mdpi-v4/abc_ic_ab_back_mtrl_am_alpha.png
[DEBUG]  Adding res/drawable-mdpi-v4/abc_ic_clear_mtrl_alpha.png
[DEBUG]  Adding res/drawable-mdpi-v4/abc_ic_commit_search_api_mtrl_alpha.png
[DEBUG]  Adding res/drawable-mdpi-v4/abc_ic_go_search_api_mtrl_alpha.png
[DEBUG]  Adding res/drawable-mdpi-v4/abc_ic_menu_copy_mtrl_am_alpha.png
[DEBUG]  Adding res/drawable-mdpi-v4/abc_ic_menu_cut_mtrl_alpha.png
[DEBUG]  Adding res/drawable-mdpi-v4/abc_ic_menu_moreoverflow_mtrl_alpha.png
[DEBUG]  Adding res/drawable-mdpi-v4/abc_ic_menu_paste_mtrl_am_alpha.png
[DEBUG]  Adding res/drawable-mdpi-v4/abc_ic_menu_selectall_mtrl_alpha.png
[DEBUG]  Adding res/drawable-mdpi-v4/abc_ic_menu_share_mtrl_alpha.png
[DEBUG]  Adding res/drawable-mdpi-v4/abc_ic_search_api_mtrl_alpha.png
[DEBUG]  Adding res/drawable-mdpi-v4/abc_ic_voice_search_api_mtrl_alpha.png
[DEBUG]  Adding res/drawable-mdpi-v4/abc_list_divider_mtrl_alpha.9.png
[DEBUG]  Adding res/drawable-mdpi-v4/abc_list_focused_holo.9.png
[DEBUG]  Adding res/drawable-mdpi-v4/abc_list_longpressed_holo.9.png
[DEBUG]  Adding res/drawable-mdpi-v4/abc_list_pressed_holo_dark.9.png
[DEBUG]  Adding res/drawable-mdpi-v4/abc_list_pressed_holo_light.9.png
[DEBUG]  Adding res/drawable-mdpi-v4/abc_list_selector_disabled_holo_dark.9.png
[DEBUG]  Adding res/drawable-mdpi-v4/abc_list_selector_disabled_holo_light.9.png
[DEBUG]  Adding res/drawable-mdpi-v4/abc_menu_hardkey_panel_mtrl_mult.9.png
[DEBUG]  Adding res/drawable-mdpi-v4/abc_popup_background_mtrl_mult.9.png
[DEBUG]  Adding res/drawable-mdpi-v4/abc_spinner_mtrl_am_alpha.9.png
[DEBUG]  Adding res/drawable-mdpi-v4/abc_switch_track_mtrl_alpha.9.png
[DEBUG]  Adding res/drawable-mdpi-v4/abc_tab_indicator_mtrl_alpha.9.png
[DEBUG]  Adding res/drawable-mdpi-v4/abc_text_cursor_mtrl_alpha.9.png
[DEBUG]  Adding res/drawable-mdpi-v4/abc_textfield_activated_mtrl_alpha.9.png
[DEBUG]  Adding res/drawable-mdpi-v4/abc_textfield_default_mtrl_alpha.9.png
[DEBUG]  Adding res/drawable-mdpi-v4/abc_textfield_search_activated_mtrl_alpha.9.png
[DEBUG]  Adding res/drawable-mdpi-v4/abc_textfield_search_default_mtrl_alpha.9.png
[DEBUG]  Adding res/drawable-notlong-land-hdpi-v4/background.png
[DEBUG]  Adding res/drawable-notlong-land-ldpi-v4/background.png
[DEBUG]  Adding res/drawable-notlong-land-mdpi-v4/background.png
[DEBUG]  Adding res/drawable-notlong-port-hdpi-v4/background.png
[DEBUG]  Adding res/drawable-notlong-port-ldpi-v4/background.png
[DEBUG]  Adding res/drawable-notlong-port-mdpi-v4/background.png
[DEBUG]  Adding res/drawable-tvdpi-v4/abc_btn_switch_to_on_mtrl_00001.9.png
[DEBUG]  Adding res/drawable-tvdpi-v4/abc_btn_switch_to_on_mtrl_00012.9.png
[DEBUG]  Adding res/drawable-xhdpi-v4/abc_ab_share_pack_mtrl_alpha.9.png
[DEBUG]  Adding res/drawable-xhdpi-v4/abc_btn_check_to_on_mtrl_000.png
[DEBUG]  Adding res/drawable-xhdpi-v4/abc_btn_check_to_on_mtrl_015.png
[DEBUG]  Adding res/drawable-xhdpi-v4/abc_btn_radio_to_on_mtrl_000.png
[DEBUG]  Adding res/drawable-xhdpi-v4/abc_btn_radio_to_on_mtrl_015.png
[DEBUG]  Adding res/drawable-xhdpi-v4/abc_btn_rating_star_off_mtrl_alpha.png
[DEBUG]  Adding res/drawable-xhdpi-v4/abc_btn_rating_star_on_mtrl_alpha.png
[DEBUG]  Adding res/drawable-xhdpi-v4/abc_btn_switch_to_on_mtrl_00001.9.png
[DEBUG]  Adding res/drawable-xhdpi-v4/abc_btn_switch_to_on_mtrl_00012.9.png
[DEBUG]  Adding res/drawable-xhdpi-v4/abc_cab_background_top_mtrl_alpha.9.png
[DEBUG]  Adding res/drawable-xhdpi-v4/abc_ic_ab_back_mtrl_am_alpha.png
[DEBUG]  Adding res/drawable-xhdpi-v4/abc_ic_clear_mtrl_alpha.png
[DEBUG]  Adding res/drawable-xhdpi-v4/abc_ic_commit_search_api_mtrl_alpha.png
[DEBUG]  Adding res/drawable-xhdpi-v4/abc_ic_go_search_api_mtrl_alpha.png
[DEBUG]  Adding res/drawable-xhdpi-v4/abc_ic_menu_copy_mtrl_am_alpha.png
[DEBUG]  Adding res/drawable-xhdpi-v4/abc_ic_menu_cut_mtrl_alpha.png
[DEBUG]  Adding res/drawable-xhdpi-v4/abc_ic_menu_moreoverflow_mtrl_alpha.png
[DEBUG]  Adding res/drawable-xhdpi-v4/abc_ic_menu_paste_mtrl_am_alpha.png
[DEBUG]  Adding res/drawable-xhdpi-v4/abc_ic_menu_selectall_mtrl_alpha.png
[DEBUG]  Adding res/drawable-xhdpi-v4/abc_ic_menu_share_mtrl_alpha.png
[DEBUG]  Adding res/drawable-xhdpi-v4/abc_ic_search_api_mtrl_alpha.png
[DEBUG]  Adding res/drawable-xhdpi-v4/abc_ic_voice_search_api_mtrl_alpha.png
[DEBUG]  Adding res/drawable-xhdpi-v4/abc_list_divider_mtrl_alpha.9.png
[DEBUG]  Adding res/drawable-xhdpi-v4/abc_list_focused_holo.9.png
[DEBUG]  Adding res/drawable-xhdpi-v4/abc_list_longpressed_holo.9.png
[DEBUG]  Adding res/drawable-xhdpi-v4/abc_list_pressed_holo_dark.9.png
[DEBUG]  Adding res/drawable-xhdpi-v4/abc_list_pressed_holo_light.9.png
[DEBUG]  Adding res/drawable-xhdpi-v4/abc_list_selector_disabled_holo_dark.9.png
[DEBUG]  Adding res/drawable-xhdpi-v4/abc_list_selector_disabled_holo_light.9.png
[DEBUG]  Adding res/drawable-xhdpi-v4/abc_menu_hardkey_panel_mtrl_mult.9.png
[DEBUG]  Adding res/drawable-xhdpi-v4/abc_popup_background_mtrl_mult.9.png
[DEBUG]  Adding res/drawable-xhdpi-v4/abc_spinner_mtrl_am_alpha.9.png
[DEBUG]  Adding res/drawable-xhdpi-v4/abc_switch_track_mtrl_alpha.9.png
[DEBUG]  Adding res/drawable-xhdpi-v4/abc_tab_indicator_mtrl_alpha.9.png
[DEBUG]  Adding res/drawable-xhdpi-v4/abc_text_cursor_mtrl_alpha.9.png
[DEBUG]  Adding res/drawable-xhdpi-v4/abc_textfield_activated_mtrl_alpha.9.png
[DEBUG]  Adding res/drawable-xhdpi-v4/abc_textfield_default_mtrl_alpha.9.png
[DEBUG]  Adding res/drawable-xhdpi-v4/abc_textfield_search_activated_mtrl_alpha.9.png
[DEBUG]  Adding res/drawable-xhdpi-v4/abc_textfield_search_default_mtrl_alpha.9.png
[DEBUG]  Adding res/drawable-xxhdpi-v4/abc_ab_share_pack_mtrl_alpha.9.png
[DEBUG]  Adding res/drawable-xxhdpi-v4/abc_btn_check_to_on_mtrl_000.png
[DEBUG]  Adding res/drawable-xxhdpi-v4/abc_btn_check_to_on_mtrl_015.png
[DEBUG]  Adding res/drawable-xxhdpi-v4/abc_btn_radio_to_on_mtrl_000.png
[DEBUG]  Adding res/drawable-xxhdpi-v4/abc_btn_radio_to_on_mtrl_015.png
[DEBUG]  Adding res/drawable-xxhdpi-v4/abc_btn_rating_star_off_mtrl_alpha.png
[DEBUG]  Adding res/drawable-xxhdpi-v4/abc_btn_rating_star_on_mtrl_alpha.png
[DEBUG]  Adding res/drawable-xxhdpi-v4/abc_btn_switch_to_on_mtrl_00001.9.png
[DEBUG]  Adding res/drawable-xxhdpi-v4/abc_btn_switch_to_on_mtrl_00012.9.png
[DEBUG]  Adding res/drawable-xxhdpi-v4/abc_cab_background_top_mtrl_alpha.9.png
[DEBUG]  Adding res/drawable-xxhdpi-v4/abc_ic_ab_back_mtrl_am_alpha.png
[DEBUG]  Adding res/drawable-xxhdpi-v4/abc_ic_clear_mtrl_alpha.png
[DEBUG]  Adding res/drawable-xxhdpi-v4/abc_ic_commit_search_api_mtrl_alpha.png
[DEBUG]  Adding res/drawable-xxhdpi-v4/abc_ic_go_search_api_mtrl_alpha.png
[DEBUG]  Adding res/drawable-xxhdpi-v4/abc_ic_menu_copy_mtrl_am_alpha.png
[DEBUG]  Adding res/drawable-xxhdpi-v4/abc_ic_menu_cut_mtrl_alpha.png
[DEBUG]  Adding res/drawable-xxhdpi-v4/abc_ic_menu_moreoverflow_mtrl_alpha.png
[DEBUG]  Adding res/drawable-xxhdpi-v4/abc_ic_menu_paste_mtrl_am_alpha.png
[DEBUG]  Adding res/drawable-xxhdpi-v4/abc_ic_menu_selectall_mtrl_alpha.png
[DEBUG]  Adding res/drawable-xxhdpi-v4/abc_ic_menu_share_mtrl_alpha.png
[DEBUG]  Adding res/drawable-xxhdpi-v4/abc_ic_search_api_mtrl_alpha.png
[DEBUG]  Adding res/drawable-xxhdpi-v4/abc_ic_voice_search_api_mtrl_alpha.png
[DEBUG]  Adding res/drawable-xxhdpi-v4/abc_list_divider_mtrl_alpha.9.png
[DEBUG]  Adding res/drawable-xxhdpi-v4/abc_list_focused_holo.9.png
[DEBUG]  Adding res/drawable-xxhdpi-v4/abc_list_longpressed_holo.9.png
[DEBUG]  Adding res/drawable-xxhdpi-v4/abc_list_pressed_holo_dark.9.png
[DEBUG]  Adding res/drawable-xxhdpi-v4/abc_list_pressed_holo_light.9.png
[DEBUG]  Adding res/drawable-xxhdpi-v4/abc_list_selector_disabled_holo_dark.9.png
[DEBUG]  Adding res/drawable-xxhdpi-v4/abc_list_selector_disabled_holo_light.9.png
[DEBUG]  Adding res/drawable-xxhdpi-v4/abc_menu_hardkey_panel_mtrl_mult.9.png
[DEBUG]  Adding res/drawable-xxhdpi-v4/abc_popup_background_mtrl_mult.9.png
[DEBUG]  Adding res/drawable-xxhdpi-v4/abc_spinner_mtrl_am_alpha.9.png
[DEBUG]  Adding res/drawable-xxhdpi-v4/abc_switch_track_mtrl_alpha.9.png
[DEBUG]  Adding res/drawable-xxhdpi-v4/abc_tab_indicator_mtrl_alpha.9.png
[DEBUG]  Adding res/drawable-xxhdpi-v4/abc_text_cursor_mtrl_alpha.9.png
[DEBUG]  Adding res/drawable-xxhdpi-v4/abc_textfield_activated_mtrl_alpha.9.png
[DEBUG]  Adding res/drawable-xxhdpi-v4/abc_textfield_default_mtrl_alpha.9.png
[DEBUG]  Adding res/drawable-xxhdpi-v4/abc_textfield_search_activated_mtrl_alpha.9.png
[DEBUG]  Adding res/drawable-xxhdpi-v4/abc_textfield_search_default_mtrl_alpha.9.png
[DEBUG]  Adding res/drawable-xxxhdpi-v4/abc_btn_check_to_on_mtrl_000.png
[DEBUG]  Adding res/drawable-xxxhdpi-v4/abc_btn_check_to_on_mtrl_015.png
[DEBUG]  Adding res/drawable-xxxhdpi-v4/abc_btn_radio_to_on_mtrl_000.png
[DEBUG]  Adding res/drawable-xxxhdpi-v4/abc_btn_radio_to_on_mtrl_015.png
[DEBUG]  Adding res/drawable-xxxhdpi-v4/abc_btn_switch_to_on_mtrl_00001.9.png
[DEBUG]  Adding res/drawable-xxxhdpi-v4/abc_btn_switch_to_on_mtrl_00012.9.png
[DEBUG]  Adding res/drawable-xxxhdpi-v4/abc_ic_ab_back_mtrl_am_alpha.png
[DEBUG]  Adding res/drawable-xxxhdpi-v4/abc_ic_clear_mtrl_alpha.png
[DEBUG]  Adding res/drawable-xxxhdpi-v4/abc_ic_menu_copy_mtrl_am_alpha.png
[DEBUG]  Adding res/drawable-xxxhdpi-v4/abc_ic_menu_cut_mtrl_alpha.png
[DEBUG]  Adding res/drawable-xxxhdpi-v4/abc_ic_menu_moreoverflow_mtrl_alpha.png
[DEBUG]  Adding res/drawable-xxxhdpi-v4/abc_ic_menu_paste_mtrl_am_alpha.png
[DEBUG]  Adding res/drawable-xxxhdpi-v4/abc_ic_menu_selectall_mtrl_alpha.png
[DEBUG]  Adding res/drawable-xxxhdpi-v4/abc_ic_menu_share_mtrl_alpha.png
[DEBUG]  Adding res/drawable-xxxhdpi-v4/abc_ic_search_api_mtrl_alpha.png
[DEBUG]  Adding res/drawable-xxxhdpi-v4/abc_ic_voice_search_api_mtrl_alpha.png
[DEBUG]  Adding res/drawable-xxxhdpi-v4/abc_spinner_mtrl_am_alpha.9.png
[DEBUG]  Adding res/drawable-xxxhdpi-v4/abc_switch_track_mtrl_alpha.9.png
[DEBUG]  Adding res/drawable-xxxhdpi-v4/abc_tab_indicator_mtrl_alpha.9.png
[DEBUG]  Deflating res/drawable/abc_btn_borderless_material.xml
[DEBUG]  Deflating res/drawable/abc_btn_check_material.xml
[DEBUG]  Deflating res/drawable/abc_btn_default_mtrl_shape.xml
[DEBUG]  Deflating res/drawable/abc_btn_radio_material.xml
[DEBUG]  Deflating res/drawable/abc_cab_background_internal_bg.xml
[DEBUG]  Deflating res/drawable/abc_cab_background_top_material.xml
[DEBUG]  Deflating res/drawable/abc_dialog_material_background_dark.xml
[DEBUG]  Deflating res/drawable/abc_dialog_material_background_light.xml
[DEBUG]  Deflating res/drawable/abc_edit_text_material.xml
[DEBUG]  Deflating res/drawable/abc_item_background_holo_dark.xml
[DEBUG]  Deflating res/drawable/abc_item_background_holo_light.xml
[DEBUG]  Deflating res/drawable/abc_list_selector_background_transition_holo_dark.xml
[DEBUG]  Deflating res/drawable/abc_list_selector_background_transition_holo_light.xml
[DEBUG]  Deflating res/drawable/abc_list_selector_holo_dark.xml
[DEBUG]  Deflating res/drawable/abc_list_selector_holo_light.xml
[DEBUG]  Deflating res/drawable/abc_ratingbar_full_material.xml
[DEBUG]  Deflating res/drawable/abc_spinner_textfield_background_material.xml
[DEBUG]  Deflating res/drawable/abc_switch_thumb_material.xml
[DEBUG]  Deflating res/drawable/abc_tab_indicator_material.xml
[DEBUG]  Deflating res/drawable/abc_textfield_search_material.xml
[DEBUG]  Adding res/drawable/appicon.png
[DEBUG]  Adding res/drawable/background.png
[DEBUG]  Adding res/drawable/btn_check_buttonless_on_64.png
[DEBUG]  Adding res/drawable/btn_more_64.png
[DEBUG]  Adding res/drawable/disclosure_64.png
[DEBUG]  Deflating res/layout-v11/abc_screen_content_include.xml
[DEBUG]  Deflating res/layout-v17/abc_alert_dialog_material.xml
[DEBUG]  Deflating res/layout-v17/abc_dialog_title_material.xml
[DEBUG]  Deflating res/layout-v17/abc_search_view.xml
[DEBUG]  Deflating res/layout-v21/abc_screen_toolbar.xml
[DEBUG]  Deflating res/layout/abc_action_bar_title_item.xml
[DEBUG]  Deflating res/layout/abc_action_bar_up_container.xml
[DEBUG]  Deflating res/layout/abc_action_bar_view_list_nav_layout.xml
[DEBUG]  Deflating res/layout/abc_action_menu_item_layout.xml
[DEBUG]  Deflating res/layout/abc_action_menu_layout.xml
[DEBUG]  Deflating res/layout/abc_action_mode_bar.xml
[DEBUG]  Deflating res/layout/abc_action_mode_close_item_material.xml
[DEBUG]  Deflating res/layout/abc_activity_chooser_view.xml
[DEBUG]  Deflating res/layout/abc_activity_chooser_view_list_item.xml
[DEBUG]  Deflating res/layout/abc_alert_dialog_material.xml
[DEBUG]  Deflating res/layout/abc_dialog_title_material.xml
[DEBUG]  Deflating res/layout/abc_expanded_menu_layout.xml
[DEBUG]  Deflating res/layout/abc_list_menu_item_checkbox.xml
[DEBUG]  Deflating res/layout/abc_list_menu_item_icon.xml
[DEBUG]  Deflating res/layout/abc_list_menu_item_layout.xml
[DEBUG]  Deflating res/layout/abc_list_menu_item_radio.xml
[DEBUG]  Deflating res/layout/abc_popup_menu_item_layout.xml
[DEBUG]  Deflating res/layout/abc_screen_content_include.xml
[DEBUG]  Deflating res/layout/abc_screen_simple.xml
[DEBUG]  Deflating res/layout/abc_screen_simple_overlay_action_mode.xml
[DEBUG]  Deflating res/layout/abc_screen_toolbar.xml
[DEBUG]  Deflating res/layout/abc_search_dropdown_item_icons_2line.xml
[DEBUG]  Deflating res/layout/abc_search_view.xml
[DEBUG]  Deflating res/layout/abc_select_dialog_material.xml
[DEBUG]  Deflating res/layout/abc_simple_dropdown_hint.xml
[DEBUG]  Deflating res/layout/select_dialog_item_material.xml
[DEBUG]  Deflating res/layout/select_dialog_multichoice_material.xml
[DEBUG]  Deflating res/layout/select_dialog_singlechoice_material.xml
[DEBUG]  Deflating res/layout/support_simple_spinner_dropdown_item.xml
[DEBUG]  Deflating res/layout/titanium_tabgroup.xml
[DEBUG]  Deflating res/layout/titanium_ui_checkbox.xml
[DEBUG]  Deflating res/layout/titanium_ui_edittext.xml
[DEBUG]  Deflating res/layout/titanium_ui_list_header_or_footer.xml
[DEBUG]  Deflating res/layout/titanium_ui_list_item.xml
[DEBUG]  Deflating res/layout/titanium_ui_spinner.xml
[DEBUG]  Deflating res/layout/titanium_ui_switchcompat.xml
[DEBUG]  Deflating resources.arsc
[DEBUG]  Processing /Users/Lhand/Library/Application Support/Titanium/mobilesdk/osx/4.1.0.GA/android/kroll-v8.jar
[DEBUG]  Processing /Users/Lhand/Library/Application Support/Titanium/mobilesdk/osx/4.1.0.GA/android/modules/titanium-analytics.jar
[DEBUG]  Processing /Users/Lhand/Library/Application Support/Titanium/mobilesdk/osx/4.1.0.GA/android/aps-analytics.jar
[DEBUG]  Processing /Users/Lhand/Library/Application Support/Titanium/mobilesdk/osx/4.1.0.GA/android/modules/titanium-android.jar
[DEBUG]  Processing /Users/Lhand/Library/Application Support/Titanium/mobilesdk/osx/4.1.0.GA/android/jaxen-1.1.1.jar
[DEBUG]  Processing /Users/Lhand/Library/Application Support/Titanium/mobilesdk/osx/4.1.0.GA/android/ti-commons-codec-1.3.jar
[DEBUG]  Processing /Users/Lhand/Library/Application Support/Titanium/mobilesdk/osx/4.1.0.GA/android/kroll-common.jar
[DEBUG]  Processing /Users/Lhand/Library/Application Support/Titanium/mobilesdk/osx/4.1.0.GA/android/titanium.jar
[DEBUG]  Deflating org/appcelerator/titanium/build.properties
[DEBUG]  Adding org/appcelerator/titanium/res/drawable/background.png
[DEBUG]  Adding org/appcelerator/titanium/res/drawable/btn_check_buttonless_on.png
[DEBUG]  Adding org/appcelerator/titanium/res/drawable/btn_check_buttonless_on_100.png
[DEBUG]  Adding org/appcelerator/titanium/res/drawable/btn_check_buttonless_on_18.png
[DEBUG]  Adding org/appcelerator/titanium/res/drawable/btn_check_buttonless_on_48.png
[DEBUG]  Adding org/appcelerator/titanium/res/drawable/btn_check_buttonless_on_64.png
[DEBUG]  Adding org/appcelerator/titanium/res/drawable/btn_more.png
[DEBUG]  Adding org/appcelerator/titanium/res/drawable/btn_more_100.png
[DEBUG]  Adding org/appcelerator/titanium/res/drawable/btn_more_18.png
[DEBUG]  Adding org/appcelerator/titanium/res/drawable/btn_more_48.png
[DEBUG]  Adding org/appcelerator/titanium/res/drawable/btn_more_64.png
[DEBUG]  Adding org/appcelerator/titanium/res/drawable/btn_picker_normal.9.png
[DEBUG]  Adding org/appcelerator/titanium/res/drawable/btn_picker_pressed.9.png
[DEBUG]  Adding org/appcelerator/titanium/res/drawable/btn_picker_selected.9.png
[DEBUG]  Adding org/appcelerator/titanium/res/drawable/default_icon.png
[DEBUG]  Adding org/appcelerator/titanium/res/drawable/photoDefault.png
[DEBUG]  Processing /Users/Lhand/Library/Application Support/Titanium/mobilesdk/osx/4.1.0.GA/android/modules/titanium-app.jar
[DEBUG]  Processing /Users/Lhand/Library/Application Support/Titanium/mobilesdk/osx/4.1.0.GA/android/modules/titanium-ui.jar
[DEBUG]  Deflating ti/modules/titanium/ui/widget/webview/binding.js
[DEBUG]  Deflating ti/modules/titanium/ui/widget/webview/binding.min.js
[DEBUG]  Deflating ti/modules/titanium/ui/widget/webview/json2.js
[DEBUG]  Deflating ti/modules/titanium/ui/widget/webview/polling.js
[DEBUG]  Deflating ti/modules/titanium/ui/widget/webview/polling.min.js
[DEBUG]  Processing /Users/Lhand/Library/Application Support/Titanium/mobilesdk/osx/4.1.0.GA/android/nineoldandroids-appc-2.4.0.jar
[DEBUG]  Processing /Users/Lhand/Library/Application Support/Titanium/mobilesdk/osx/4.1.0.GA/android/modules/titanium-filesystem.jar
[DEBUG]  Processing /Users/Lhand/Library/Application Support/Titanium/mobilesdk/osx/4.1.0.GA/android/modules/titanium-media.jar
[DEBUG]  Processing /Users/Lhand/Library/Application Support/Titanium/mobilesdk/osx/4.1.0.GA/android/modules/titanium-appcompat.jar
[DEBUG]  Processing /Users/Lhand/Library/Application Support/Titanium/mobilesdk/osx/4.1.0.GA/android/android-support-v4.jar
[DEBUG]  Processing /Users/Lhand/Library/Application Support/Titanium/mobilesdk/osx/4.1.0.GA/android/android-support-v7-appcompat.jar
[DEBUG]  Processing /Users/Lhand/Library/Application Support/Titanium/mobilesdk/osx/4.1.0.GA/android/modules/titanium-locale.jar
[DEBUG]  Processing /Users/Lhand/Library/Application Support/Titanium/mobilesdk/osx/4.1.0.GA/android/modules/titanium-network.jar
[DEBUG]  Processing /Users/Lhand/Library/Application Support/Titanium/mobilesdk/osx/4.1.0.GA/android/thirdparty.jar
[DEBUG]  Deflating org/apache/Commons-NOTICE.txt
[DEBUG]  Deflating org/apache/HttpComponents-NOTICE.txt
[DEBUG]  Deflating org/apache/mime4j-NOTICE.txt
[DEBUG]  Processing /Users/Lhand/Library/Application Support/Titanium/mobilesdk/osx/4.1.0.GA/android/modules/titanium-xml.jar
[DEBUG]  Processing /Users/Lhand/Library/Application Support/Titanium/mobilesdk/osx/4.1.0.GA/android/modules/titanium-utils.jar
[DEBUG]  Processing /Users/Lhand/Library/Application Support/Titanium/mobilesdk/osx/4.1.0.GA/android/modules/titanium-geolocation.jar
[DEBUG]  Processing /Users/Lhand/Library/Application Support/Titanium/mobilesdk/osx/4.1.0.GA/android/modules/titanium-accelerometer.jar
[DEBUG]  Processing /Users/Lhand/Library/Application Support/Titanium/mobilesdk/osx/4.1.0.GA/android/modules/titanium-contacts.jar
[DEBUG]  Processing /Users/Lhand/Library/Application Support/Titanium/mobilesdk/osx/4.1.0.GA/android/modules/titanium-map.jar
[DEBUG]  Processing /Users/Lhand/Library/Application Support/Titanium/mobilesdk/osx/4.1.0.GA/android/modules/titanium-calendar.jar
[DEBUG]  Processing /Users/Lhand/Library/Application Support/Titanium/mobilesdk/osx/4.1.0.GA/android/modules/titanium-gesture.jar
[DEBUG]  Processing /Users/Lhand/Library/Application Support/Titanium/mobilesdk/osx/4.1.0.GA/android/modules/titanium-platform.jar
[DEBUG]  Processing /Users/Lhand/Library/Application Support/Titanium/mobilesdk/osx/4.1.0.GA/android/modules/titanium-database.jar
[DEBUG]  Adding classes.dex
[INFO]   Processing /Users/Lhand/Desktop/Classes/AVF/HandLeviAVFGTT/build/android/src
[DEBUG]  Adding lib/armeabi/libkroll-v8.so
[DEBUG]  Adding lib/armeabi/libstlport_shared.so
[DEBUG]  Adding lib/armeabi/libtiverify.so
[DEBUG]  Adding lib/armeabi-v7a/libkroll-v8.so
[DEBUG]  Adding lib/armeabi-v7a/libstlport_shared.so
[DEBUG]  Adding lib/armeabi-v7a/libtiverify.so
[DEBUG]  Adding lib/x86/libkroll-v8.so
[DEBUG]  Adding lib/x86/libstlport_shared.so
[DEBUG]  Adding lib/x86/libtiverify.so
[INFO]   Writing unsigned apk: /Users/Lhand/Desktop/Classes/AVF/HandLeviAVFGTT/build/android/bin/app-unsigned.apk
[TRACE]  Emulator is not booted yet; checking again in 2000 ms
[TRACE]  Emulator is booted, emitting booted event
[INFO]   Emulator is booted
[INFO]   SD card not required, skipping mount check
[INFO]   Emulator ready!
[INFO]   Using MD5withRSA signature algorithm
[INFO]   Signing apk: /Library/Java/JavaVirtualMachines/jdk1.7.0_80.jdk/Contents/Home/bin/jarsigner "-sigalg" "MD5withRSA" "-digestalg" "SHA1" "-keystore" "/Users/Lhand/Library/Application Support/Titanium/mobilesdk/osx/4.1.0.GA/android/dev_keystore" "-storepass" "*******" "-signedjar" "/Users/Lhand/Desktop/Classes/AVF/HandLeviAVFGTT/build/android/bin/HandLeviAVFGTT.apk" "/Users/Lhand/Desktop/Classes/AVF/HandLeviAVFGTT/build/android/bin/app-unsigned.apk" "tidev"
[INFO]   Aligning zip file: /Users/Lhand/Library/android-sdk-macosx/build-tools/23.0.0-preview/zipalign "-v" "4" "/Users/Lhand/Desktop/Classes/AVF/HandLeviAVFGTT/build/android/bin/HandLeviAVFGTT.apk" "/Users/Lhand/Desktop/Classes/AVF/HandLeviAVFGTT/build/android/bin/HandLeviAVFGTT.apkz"
[INFO]   Writing build manifest: /Users/Lhand/Desktop/Classes/AVF/HandLeviAVFGTT/build/android/build-manifest.json
[INFO]   Making sure the adb server is running
[INFO]   Installing apk: /Users/Lhand/Desktop/Classes/AVF/HandLeviAVFGTT/build/android/bin/HandLeviAVFGTT.apk
[TRACE]  Checking if package manager service is started
[TRACE]  Package manager has started
[TRACE]  Executing: /Users/Lhand/Library/android-sdk-macosx/platform-tools/adb -s 192.168.56.101:5555 install -r /Users/Lhand/Desktop/Classes/AVF/HandLeviAVFGTT/build/android/bin/HandLeviAVFGTT.apk
[INFO]   App successfully installed
[INFO]   Starting app: com.avfgtt.handlevi/.HandleviavfgttActivity
[DEBUG]  Trying to start the app...
[INFO]   Application pid: 1928
[INFO]   Project built successfully in 30s 327ms
