
Sat Aug 15 2015 12:41:09 GMT-0700 (PDT)

Operating System
  Name                        = Mac OS X
  Version                     = 10.10.4
  Architecture                = 64bit
  # CPUs                      = 8
  Memory                      = 17179869184

Node.js
  Node.js Version             = 0.10.37
  npm Version                 = 1.4.28

Titanium CLI
  CLI Version                 = 4.0.1

Titanium SDK
  SDK Version                 = 4.1.0.GA
  SDK Path                    = /Users/Lhand/Library/Application Support/Titanium/mobilesdk/osx/4.1.0.GA
  Target Platform             = android

Command
  /usr/local/bin/node /Users/Lhand/.appcelerator/install/4.1.2/package/node_modules/appc-cli-titanium/node_modules/titanium/bin/titanium build --platform android --log-level trace --sdk 4.1.0.GA --project-dir /Users/Lhand/Desktop/Classes/AVF/AVFWk2ProjectHandLevi1508 --target device --android-sdk /Users/Lhand/Library/android-sdk-macosx --device-id 05157df5ad18db05 --skip-js-minify --no-colors --no-progress-bars --no-prompt --prompt-type socket-bundle --prompt-port 55709 --plugin-paths /Users/Lhand/.appcelerator/install/4.1.2/package/node_modules --config-file /var/folders/jq/zt5q19tj3l9g9_81d_5t_4nw0000gn/T/build-1439667663956.json --no-banner

[DEBUG]  Detecting modules in /Users/Lhand/Library/Application Support/Titanium/modules
[DEBUG]  Detected android module: com.appcelerator.apm 1.1.1 @ /Users/Lhand/Library/Application Support/Titanium/modules/android/com.appcelerator.apm/1.1.1
[DEBUG]  Detected android module: facebook 3.0.3 @ /Users/Lhand/Library/Application Support/Titanium/modules/android/facebook/3.0.3
[DEBUG]  Detected android module: facebook 4.0.5 @ /Users/Lhand/Library/Application Support/Titanium/modules/android/facebook/4.0.5
[DEBUG]  Detected android module: ti.cloudpush 3.3.7 @ /Users/Lhand/Library/Application Support/Titanium/modules/android/ti.cloudpush/3.3.7
[DEBUG]  Detected android module: ti.cloudpush 3.3.8 @ /Users/Lhand/Library/Application Support/Titanium/modules/android/ti.cloudpush/3.3.8
[DEBUG]  Detected android module: ti.map 2.2.3 @ /Users/Lhand/Library/Application Support/Titanium/modules/android/ti.map/2.2.3
[DEBUG]  Detected android module: ti.map 2.3.1 @ /Users/Lhand/Library/Application Support/Titanium/modules/android/ti.map/2.3.1
[DEBUG]  Detected commonjs module: ti.cloud 3.2.7 @ /Users/Lhand/Library/Application Support/Titanium/modules/commonjs/ti.cloud/3.2.7
[DEBUG]  Detected commonjs module: ti.cloud 3.2.9 @ /Users/Lhand/Library/Application Support/Titanium/modules/commonjs/ti.cloud/3.2.9
[DEBUG]  Detected iphone module: com.appcelerator.apm 1.1.1 @ /Users/Lhand/Library/Application Support/Titanium/modules/iphone/com.appcelerator.apm/1.1.1
[DEBUG]  Detected iphone module: com.appcelerator.urlSession 1.1.0 @ /Users/Lhand/Library/Application Support/Titanium/modules/iphone/com.appcelerator.urlSession/1.1.0
[DEBUG]  Detected iphone module: com.appcelerator.urlSession 1.1.1 @ /Users/Lhand/Library/Application Support/Titanium/modules/iphone/com.appcelerator.urlSession/1.1.1
[DEBUG]  Detected iphone module: facebook 3.2.0 @ /Users/Lhand/Library/Application Support/Titanium/modules/iphone/facebook/3.2.0
[DEBUG]  Detected iphone module: facebook 4.0.5 @ /Users/Lhand/Library/Application Support/Titanium/modules/iphone/facebook/4.0.5
[DEBUG]  Detected iphone module: ti.coremotion 1.1.0 @ /Users/Lhand/Library/Application Support/Titanium/modules/iphone/ti.coremotion/1.1.0
[DEBUG]  Detected iphone module: ti.map 2.2.0 @ /Users/Lhand/Library/Application Support/Titanium/modules/iphone/ti.map/2.2.0
[DEBUG]  Detected iphone module: ti.map 2.3.1 @ /Users/Lhand/Library/Application Support/Titanium/modules/iphone/ti.map/2.3.1
[DEBUG]  Detected iphone module: ti.touchid 1.1.0 @ /Users/Lhand/Library/Application Support/Titanium/modules/iphone/ti.touchid/1.1.0
[DEBUG]  Looking for Titanium module id=ti.cloud version=latest platform=commonjs deploy-type=test
[INFO]   Found Titanium module id=ti.cloud version=3.2.9 platform=commonjs deploy-type=test path=/Users/Lhand/Library/Application Support/Titanium/modules/commonjs/ti.cloud/3.2.9
[DEBUG]  No project level plugins to load
[DEBUG]  Titanium SDK Android directory: /Users/Lhand/Library/Application Support/Titanium/mobilesdk/osx/4.1.0.GA/android
[INFO]   Deploy type: test
[INFO]   Building for target: device
[INFO]   Building for device: 05157df5ad18db05
[INFO]   Targeting Android SDK: 22
[INFO]   Building for the following architectures: armeabi, armeabi-v7a, x86
[INFO]   Signing with keystore: /Users/Lhand/Library/Application Support/Titanium/mobilesdk/osx/4.1.0.GA/android/dev_keystore (tidev)
[DEBUG]  App ID: com.HandLevi.Project2AVF1508
[DEBUG]  Classname: Avfwk2projecthandlevi1508
[INFO]   Debugging disabled
[INFO]   Profiler disabled
[INFO]   Forcing rebuild: JavaScript files need to be re-encrypted
[TRACE]  offline build file /var/folders/jq/zt5q19tj3l9g9_81d_5t_4nw0000gn/T/build-6064873f1197c85cb4559bfd40ad7e807c7dcfc3.json
[TRACE]  online 1
[TRACE]  sending request {"json":{"username":"lhand1986@yahoo.com","session":"de30f0988f5aecefe1d29f1d6bde1eeaab025135 iuTTDPpLUDf5OEgyDSWdLc1OjE2BvNnH/rFE6JmNjsOZoG5hhfVahCoRA4+a1cx0UAhaw99+wXXWydxM4RCuUx2UEmndpaXYME04bJ4Y5q5hMh4OtyVyUWxFCukfELl3raz3dPrNgfOXZxQ1WJFbDceijWPEmYSOpmTyYum7+jkozz9mbkiInblqHg8CkckGOmtgi0Fx6jr4cBzoGXBxBDjSIKE9HQzu5pFEAFrAfrKN4+UtVcatKwprGi4ETV9tJwhhnmbWjS8eHt+jeRT/73TT1GRNoIDgw/QuooN5pQce8VRsWzeHWLzRez8dg3YiUNaIX19bgqEyDeXhhy/7gofyhSQClGqO49zPHPdKwNzZMAhRxnh+aNbdnsNQxkcore4Hx44NexLmf5nW2mzlhtz6OZH9kduXJLh7Ulxw+GovmsgfntsrWEKNPXbgcsBCYM/bMNTCVfvbDtCbEWAtzyjIp41KflexM0iB/WkgO0y6a9c3yIqGIIthaAgI4WtwunUvc6+L7x+9zRAUAD9NSFjppTyX0n9f0zsExtRK0mf/hipSQ6aMnK898MiDbgGybHvfsZJL5VwxR2NVjRmWbw3XnPOnpAc7WzqtsMrC0cwiBCTYmGtFj28mTRIATch2Ytk/QUHS3yrmPLjIPQG6Oc0lVBM7ReyS4Al1YB3y8IpayztYVfyJGxcsGLN8Pj1gZ4NsSSlG49j3rdHUvA7B7K0U2MSwEd9VawLdg6L1aRcX/XhefX0r3NCQmLN/bPbOCxVFo8NPvrDW5pC7sYtJqoMNGew6Kdh+htr37P4mZKc=","ipaddress":"192.168.1.111","fingerprint":"1f80dab0daedb30155dfc761d8455aa18d3fe4b6","fingerprint_description":"Mac OSX Serial Number: C02NM21VG3QN","guid":"283bb66a-857c-4139-9000-a853554a4e2c","appid":"com.HandLevi.Project2AVF1508","name":"AVFWk2ProjectHandLevi1508","org_id":100038814,"deploytype":"test","tiappxml":"<?xml version=\"1.0\" encoding=\"UTF-8\"?>\n<ti:app \n  xmlns:ti=\"http://ti.appcelerator.org\">\n  <id>com.HandLevi.Project2AVF1508</id>\n  <name>AVFWk2ProjectHandLevi1508</name>\n  <version>1.0</version>\n  <publisher>Lhand</publisher>\n  <url>http://</url>\n  <description>undefined</description>\n  <copyright>2015 by Lhand</copyright>\n  <icon>appicon.png</icon>\n  <fullscreen>false</fullscreen>\n  <navbar-hidden>false</navbar-hidden>\n  <analytics>true</analytics>\n  <guid>283bb66a-857c-4139-9000-a853554a4e2c</guid>\n  <property name=\"ti.ui.defaultunit\" type=\"string\">dp</property>\n  <ios>\n    <plist>\n      <dict>\n        <key>NSLocationAlwaysUsageDescription</key>\n        <array>\n          <string>Please allow the app to access your location to find xyz near you.</string>\n        </array>\n        <key>UISupportedInterfaceOrientations~iphone</key>\n        <array>\n          <string>UIInterfaceOrientationPortrait</string>\n        </array>\n        <key>UISupportedInterfaceOrientations~ipad</key>\n        <array>\n          <string>UIInterfaceOrientationPortrait</string>\n          <string>UIInterfaceOrientationPortraitUpsideDown</string>\n          <string>UIInterfaceOrientationLandscapeLeft</string>\n          <string>UIInterfaceOrientationLandscapeRight</string>\n        </array>\n        <key>UIRequiresPersistentWiFi</key>\n        <false/>\n        <key>UIPrerenderedIcon</key>\n        <false/>\n        <key>UIStatusBarHidden</key>\n        <false/>\n        <key>UIStatusBarStyle</key>\n        <string>UIStatusBarStyleDefault</string>\n      </dict>\n    </plist>\n  </ios>\n  <android \n    xmlns:android=\"http://schemas.android.com/apk/res/android\"/>\n    <mobileweb>\n      <precache/>\n      <splash>\n        <enabled>true</enabled>\n        <inline-css-images>true</inline-css-images>\n      </splash>\n      <theme>default</theme>\n    </mobileweb>\n    <modules>\n      <module platform=\"commonjs\">ti.cloud</module>\n    </modules>\n    <deployment-targets>\n      <target device=\"android\">true</target>\n      <target device=\"ipad\">true</target>\n      <target device=\"iphone\">true</target>\n      <target device=\"mobileweb\">true</target>\n      <target device=\"windows\">false</target>\n    </deployment-targets>\n    <sdk-version>4.1.0.GA</sdk-version>\n    <property name=\"appc-app-id\" type=\"string\">55cbd3c08313ede1380f12d1</property>\n    <property name=\"acs-authbase-url-development\" type=\"string\">***</property>\n    <property name=\"acs-base-url-development\" type=\"string\">***</property>\n    <property name=\"acs-oauth-secret-development\" type=\"string\">***</property>\n    <property name=\"acs-oauth-key-development\" type=\"string\">***</property>\n    <property name=\"acs-api-key-development\" type=\"string\">***</property>\n    <property name=\"acs-username-development\" type=\"string\">***</property>\n    <property name=\"acs-password-development\" type=\"string\">***</property>\n    <property name=\"acs-authbase-url-production\" type=\"string\">***</property>\n    <property name=\"acs-base-url-production\" type=\"string\">***</property>\n    <property name=\"acs-oauth-secret-production\" type=\"string\">***</property>\n    <property name=\"acs-oauth-key-production\" type=\"string\">***</property>\n    <property name=\"acs-api-key-production\" type=\"string\">***</property>\n    <property name=\"acs-username-production\" type=\"string\">***</property>\n    <property name=\"acs-password-production\" type=\"string\">***</property>\n    <property name=\"appc-org-id\" type=\"string\">100038814</property>\n    <property name=\"appc-creator-user-id\" type=\"string\">6794b9fc-09db-4fb2-be73-7f94b0f96019</property>\n  </ti:app>","modules":[{"id":"ti.cloud","platform":["commonjs"],"deployType":["test"],"modulePath":"/Users/Lhand/Library/Application Support/Titanium/modules/commonjs/ti.cloud/3.2.9","version":"3.2.9","manifest":{"version":"3.2.9","description":"Appcelerator Cloud Services","author":"Dawson Toth, Jeff English, Jon Alter, Paul Lv, Michael Goff, and Pedro Enrique","license":"Appcelerator Commercial License","copyright":"Copyright (c) 2011-2014 by Appcelerator,  Inc.","name":"ti.cloud","moduleid":"ti.cloud","guid":"1056b5d2-2bb5-4339-b930-297637aeec4e","platform":"commonjs","minsdk":"2.1.0"},"native":false,"libFile":"/Users/Lhand/Library/Application Support/Titanium/modules/commonjs/ti.cloud/3.2.9/ti.cloud.js"}]},"gzip":true,"followAllRedirects":true,"url":"https://security.appcelerator.com/build-verify"}
[TRACE]  result from /build-verify=> {"key":"IyEWXI4XqizxG7GV2gu6TQ==","pepper":"3Ka4QXxbG70bNLdI4nZPAQ==","hmacKey":"x0/0IkwRE8Sg101faddlaw==","o":100038814,"u":"6794b9fc-09db-4fb2-be73-7f94b0f96019","p":"free","i":"55cf95d64d27fa0be036a10a","success":true}, err=null
[INFO]   JavaScript files need to be encrypted
[WARN]   Overwriting file /Users/Lhand/Desktop/Classes/AVF/AVFWk2ProjectHandLevi1508/build/android/bin/assets/Resources/KS_nav_ui.png
[DEBUG]  Symlinking /Users/Lhand/Desktop/Classes/AVF/AVFWk2ProjectHandLevi1508/Resources/KS_nav_ui.png => /Users/Lhand/Desktop/Classes/AVF/AVFWk2ProjectHandLevi1508/build/android/bin/assets/Resources/KS_nav_ui.png
[WARN]   Overwriting file /Users/Lhand/Desktop/Classes/AVF/AVFWk2ProjectHandLevi1508/build/android/bin/assets/Resources/KS_nav_views.png
[DEBUG]  Symlinking /Users/Lhand/Desktop/Classes/AVF/AVFWk2ProjectHandLevi1508/Resources/KS_nav_views.png => /Users/Lhand/Desktop/Classes/AVF/AVFWk2ProjectHandLevi1508/build/android/bin/assets/Resources/KS_nav_views.png
[DEBUG]  Ignoring /Users/Lhand/Desktop/Classes/AVF/AVFWk2ProjectHandLevi1508/Resources/android
[DEBUG]  Ignoring /Users/Lhand/Desktop/Classes/AVF/AVFWk2ProjectHandLevi1508/Resources/iphone
[DEBUG]  Ignoring /Users/Lhand/Desktop/Classes/AVF/AVFWk2ProjectHandLevi1508/Resources/mobileweb
[WARN]   Overwriting file /Users/Lhand/Desktop/Classes/AVF/AVFWk2ProjectHandLevi1508/build/android/bin/assets/Resources/appicon.png
[DEBUG]  Symlinking /Users/Lhand/Desktop/Classes/AVF/AVFWk2ProjectHandLevi1508/Resources/android/appicon.png => /Users/Lhand/Desktop/Classes/AVF/AVFWk2ProjectHandLevi1508/build/android/bin/assets/Resources/appicon.png
[DEBUG]  Symlinking /Users/Lhand/Desktop/Classes/AVF/AVFWk2ProjectHandLevi1508/Resources/android/default.png => /Users/Lhand/Desktop/Classes/AVF/AVFWk2ProjectHandLevi1508/build/android/res/drawable/background.png
[DEBUG]  Symlinking /Users/Lhand/Desktop/Classes/AVF/AVFWk2ProjectHandLevi1508/Resources/android/images/res-long-land-hdpi/default.png => /Users/Lhand/Desktop/Classes/AVF/AVFWk2ProjectHandLevi1508/build/android/res/drawable-long-land-hdpi/background.png
[DEBUG]  Symlinking /Users/Lhand/Desktop/Classes/AVF/AVFWk2ProjectHandLevi1508/Resources/android/images/res-long-land-ldpi/default.png => /Users/Lhand/Desktop/Classes/AVF/AVFWk2ProjectHandLevi1508/build/android/res/drawable-long-land-ldpi/background.png
[DEBUG]  Symlinking /Users/Lhand/Desktop/Classes/AVF/AVFWk2ProjectHandLevi1508/Resources/android/images/res-long-port-hdpi/default.png => /Users/Lhand/Desktop/Classes/AVF/AVFWk2ProjectHandLevi1508/build/android/res/drawable-long-port-hdpi/background.png
[DEBUG]  Symlinking /Users/Lhand/Desktop/Classes/AVF/AVFWk2ProjectHandLevi1508/Resources/android/images/res-long-port-ldpi/default.png => /Users/Lhand/Desktop/Classes/AVF/AVFWk2ProjectHandLevi1508/build/android/res/drawable-long-port-ldpi/background.png
[DEBUG]  Symlinking /Users/Lhand/Desktop/Classes/AVF/AVFWk2ProjectHandLevi1508/Resources/android/images/res-notlong-land-hdpi/default.png => /Users/Lhand/Desktop/Classes/AVF/AVFWk2ProjectHandLevi1508/build/android/res/drawable-notlong-land-hdpi/background.png
[DEBUG]  Symlinking /Users/Lhand/Desktop/Classes/AVF/AVFWk2ProjectHandLevi1508/Resources/android/images/res-notlong-land-ldpi/default.png => /Users/Lhand/Desktop/Classes/AVF/AVFWk2ProjectHandLevi1508/build/android/res/drawable-notlong-land-ldpi/background.png
[DEBUG]  Symlinking /Users/Lhand/Desktop/Classes/AVF/AVFWk2ProjectHandLevi1508/Resources/android/images/res-notlong-land-mdpi/default.png => /Users/Lhand/Desktop/Classes/AVF/AVFWk2ProjectHandLevi1508/build/android/res/drawable-notlong-land-mdpi/background.png
[DEBUG]  Symlinking /Users/Lhand/Desktop/Classes/AVF/AVFWk2ProjectHandLevi1508/Resources/android/images/res-notlong-port-hdpi/default.png => /Users/Lhand/Desktop/Classes/AVF/AVFWk2ProjectHandLevi1508/build/android/res/drawable-notlong-port-hdpi/background.png
[DEBUG]  Symlinking /Users/Lhand/Desktop/Classes/AVF/AVFWk2ProjectHandLevi1508/Resources/android/images/res-notlong-port-ldpi/default.png => /Users/Lhand/Desktop/Classes/AVF/AVFWk2ProjectHandLevi1508/build/android/res/drawable-notlong-port-ldpi/background.png
[DEBUG]  Symlinking /Users/Lhand/Desktop/Classes/AVF/AVFWk2ProjectHandLevi1508/Resources/android/images/res-notlong-port-mdpi/default.png => /Users/Lhand/Desktop/Classes/AVF/AVFWk2ProjectHandLevi1508/build/android/res/drawable-notlong-port-mdpi/background.png
[DEBUG]  Symlinking /Users/Lhand/Desktop/Classes/AVF/AVFWk2ProjectHandLevi1508/build/android/bin/assets/Resources/appicon.png => /Users/Lhand/Desktop/Classes/AVF/AVFWk2ProjectHandLevi1508/build/android/res/drawable/appicon.png
[INFO]   Processing JavaScript files
[DEBUG]  Symlinking /Users/Lhand/Desktop/Classes/AVF/AVFWk2ProjectHandLevi1508/Resources/app.js => /Users/Lhand/Desktop/Classes/AVF/AVFWk2ProjectHandLevi1508/build/android/assets/app.js
[DEBUG]  Symlinking /Users/Lhand/Desktop/Classes/AVF/AVFWk2ProjectHandLevi1508/Resources/interface.js => /Users/Lhand/Desktop/Classes/AVF/AVFWk2ProjectHandLevi1508/build/android/assets/interface.js
[DEBUG]  Symlinking /Users/Lhand/Desktop/Classes/AVF/AVFWk2ProjectHandLevi1508/Resources/location.js => /Users/Lhand/Desktop/Classes/AVF/AVFWk2ProjectHandLevi1508/build/android/assets/location.js
[DEBUG]  Symlinking /Users/Lhand/Library/Application Support/Titanium/modules/commonjs/ti.cloud/3.2.9/ti.cloud.js => /Users/Lhand/Desktop/Classes/AVF/AVFWk2ProjectHandLevi1508/build/android/assets/ti.cloud.js
[INFO]   Encrypting JavaScript files: /Users/Lhand/Library/Application Support/Titanium/mobilesdk/osx/4.1.0.GA/android/titanium_prep.macos "com.HandLevi.Project2AVF1508" "/Users/Lhand/Desktop/Classes/AVF/AVFWk2ProjectHandLevi1508/build/android/assets" "app.js" "interface.js" "location.js" "ti.cloud.js" "_app_props_.json"
[DEBUG]  Adding library /Users/Lhand/Library/Application Support/Titanium/mobilesdk/osx/4.1.0.GA/android/kroll-v8.jar
[DEBUG]  Adding library /Users/Lhand/Library/Application Support/Titanium/mobilesdk/osx/4.1.0.GA/android/modules/titanium-analytics.jar
[DEBUG]  Adding dependency library /Users/Lhand/Library/Application Support/Titanium/mobilesdk/osx/4.1.0.GA/android/aps-analytics.jar
[DEBUG]  Adding library /Users/Lhand/Library/Application Support/Titanium/mobilesdk/osx/4.1.0.GA/android/modules/titanium-android.jar
[DEBUG]  Adding dependency library /Users/Lhand/Library/Application Support/Titanium/mobilesdk/osx/4.1.0.GA/android/jaxen-1.1.1.jar
[DEBUG]  Adding dependency library /Users/Lhand/Library/Application Support/Titanium/mobilesdk/osx/4.1.0.GA/android/ti-commons-codec-1.3.jar
[DEBUG]  Adding dependency library /Users/Lhand/Library/Application Support/Titanium/mobilesdk/osx/4.1.0.GA/android/kroll-common.jar
[DEBUG]  Adding dependency library /Users/Lhand/Library/Application Support/Titanium/mobilesdk/osx/4.1.0.GA/android/titanium.jar
[DEBUG]  Adding library /Users/Lhand/Library/Application Support/Titanium/mobilesdk/osx/4.1.0.GA/android/modules/titanium-app.jar
[DEBUG]  Adding library /Users/Lhand/Library/Application Support/Titanium/mobilesdk/osx/4.1.0.GA/android/modules/titanium-ui.jar
[DEBUG]  Adding dependency library /Users/Lhand/Library/Application Support/Titanium/mobilesdk/osx/4.1.0.GA/android/nineoldandroids-appc-2.4.0.jar
[DEBUG]  Adding library /Users/Lhand/Library/Application Support/Titanium/mobilesdk/osx/4.1.0.GA/android/modules/titanium-filesystem.jar
[DEBUG]  Adding library /Users/Lhand/Library/Application Support/Titanium/mobilesdk/osx/4.1.0.GA/android/modules/titanium-media.jar
[DEBUG]  Adding library /Users/Lhand/Library/Application Support/Titanium/mobilesdk/osx/4.1.0.GA/android/modules/titanium-appcompat.jar
[DEBUG]  Adding dependency library /Users/Lhand/Library/Application Support/Titanium/mobilesdk/osx/4.1.0.GA/android/android-support-v4.jar
[DEBUG]  Adding dependency library /Users/Lhand/Library/Application Support/Titanium/mobilesdk/osx/4.1.0.GA/android/android-support-v7-appcompat.jar
[DEBUG]  Adding library /Users/Lhand/Library/Application Support/Titanium/mobilesdk/osx/4.1.0.GA/android/modules/titanium-locale.jar
[DEBUG]  Adding library /Users/Lhand/Library/Application Support/Titanium/mobilesdk/osx/4.1.0.GA/android/modules/titanium-network.jar
[DEBUG]  Adding dependency library /Users/Lhand/Library/Application Support/Titanium/mobilesdk/osx/4.1.0.GA/android/thirdparty.jar
[DEBUG]  Adding library /Users/Lhand/Library/Application Support/Titanium/mobilesdk/osx/4.1.0.GA/android/modules/titanium-xml.jar
[DEBUG]  Adding library /Users/Lhand/Library/Application Support/Titanium/mobilesdk/osx/4.1.0.GA/android/modules/titanium-platform.jar
[DEBUG]  Adding library /Users/Lhand/Library/Application Support/Titanium/mobilesdk/osx/4.1.0.GA/android/modules/titanium-geolocation.jar
[DEBUG]  Unknown namespace api, skipping
[DEBUG]  Unknown namespace app.deploytype, skipping
[DEBUG]  Unknown namespace ui.ios, skipping
[INFO]   Writing /Users/Lhand/Desktop/Classes/AVF/AVFWk2ProjectHandLevi1508/build/android/bin/assets/app.json
[INFO]   Extracting module resources: /Users/Lhand/Library/Application Support/Titanium/mobilesdk/osx/4.1.0.GA/android/modules/titanium-analytics.res.zip
[DEBUG]  Copying /var/folders/jq/zt5q19tj3l9g9_81d_5t_4nw0000gn/T/115715-55445-1l6qxdm/res/values/strings.xml => /Users/Lhand/Desktop/Classes/AVF/AVFWk2ProjectHandLevi1508/build/android/res/values/strings.xml
[INFO]   Extracting module resources: /Users/Lhand/Library/Application Support/Titanium/mobilesdk/osx/4.1.0.GA/android/modules/titanium-android.res.zip
[DEBUG]  Merging /var/folders/jq/zt5q19tj3l9g9_81d_5t_4nw0000gn/T/115715-55445-1wgb2w5/res/values/strings.xml => /Users/Lhand/Desktop/Classes/AVF/AVFWk2ProjectHandLevi1508/build/android/res/values/strings.xml
[INFO]   Extracting module resources: /Users/Lhand/Library/Application Support/Titanium/mobilesdk/osx/4.1.0.GA/android/modules/titanium-app.res.zip
[DEBUG]  Merging /var/folders/jq/zt5q19tj3l9g9_81d_5t_4nw0000gn/T/115715-55445-hi0410/res/values/strings.xml => /Users/Lhand/Desktop/Classes/AVF/AVFWk2ProjectHandLevi1508/build/android/res/values/strings.xml
[INFO]   Extracting module resources: /Users/Lhand/Library/Application Support/Titanium/mobilesdk/osx/4.1.0.GA/android/modules/titanium-filesystem.res.zip
[DEBUG]  Merging /var/folders/jq/zt5q19tj3l9g9_81d_5t_4nw0000gn/T/115715-55445-wse6iu/res/values/strings.xml => /Users/Lhand/Desktop/Classes/AVF/AVFWk2ProjectHandLevi1508/build/android/res/values/strings.xml
[INFO]   Extracting module resources: /Users/Lhand/Library/Application Support/Titanium/mobilesdk/osx/4.1.0.GA/android/modules/titanium-media.res.zip
[DEBUG]  Merging /var/folders/jq/zt5q19tj3l9g9_81d_5t_4nw0000gn/T/115715-55445-1hfsfhl/res/values/strings.xml => /Users/Lhand/Desktop/Classes/AVF/AVFWk2ProjectHandLevi1508/build/android/res/values/strings.xml
[INFO]   Extracting module resources: /Users/Lhand/Library/Application Support/Titanium/mobilesdk/osx/4.1.0.GA/android/modules/titanium-locale.res.zip
[DEBUG]  Merging /var/folders/jq/zt5q19tj3l9g9_81d_5t_4nw0000gn/T/115715-55445-1gsc5ug/res/values/strings.xml => /Users/Lhand/Desktop/Classes/AVF/AVFWk2ProjectHandLevi1508/build/android/res/values/strings.xml
[INFO]   Extracting module resources: /Users/Lhand/Library/Application Support/Titanium/mobilesdk/osx/4.1.0.GA/android/modules/titanium-network.res.zip
[DEBUG]  Merging /var/folders/jq/zt5q19tj3l9g9_81d_5t_4nw0000gn/T/115715-55445-94jwoo/res/values/strings.xml => /Users/Lhand/Desktop/Classes/AVF/AVFWk2ProjectHandLevi1508/build/android/res/values/strings.xml
[INFO]   Extracting module resources: /Users/Lhand/Library/Application Support/Titanium/mobilesdk/osx/4.1.0.GA/android/modules/titanium-xml.res.zip
[DEBUG]  Merging /var/folders/jq/zt5q19tj3l9g9_81d_5t_4nw0000gn/T/115715-55445-1oz7i2v/res/values/strings.xml => /Users/Lhand/Desktop/Classes/AVF/AVFWk2ProjectHandLevi1508/build/android/res/values/strings.xml
[INFO]   Extracting module resources: /Users/Lhand/Library/Application Support/Titanium/mobilesdk/osx/4.1.0.GA/android/modules/titanium-platform.res.zip
[DEBUG]  Merging /var/folders/jq/zt5q19tj3l9g9_81d_5t_4nw0000gn/T/115715-55445-1o3laow/res/values/strings.xml => /Users/Lhand/Desktop/Classes/AVF/AVFWk2ProjectHandLevi1508/build/android/res/values/strings.xml
[INFO]   Extracting module resources: /Users/Lhand/Library/Application Support/Titanium/mobilesdk/osx/4.1.0.GA/android/modules/titanium-geolocation.res.zip
[DEBUG]  Merging /var/folders/jq/zt5q19tj3l9g9_81d_5t_4nw0000gn/T/115715-55445-66gatf/res/values/strings.xml => /Users/Lhand/Desktop/Classes/AVF/AVFWk2ProjectHandLevi1508/build/android/res/values/strings.xml
[DEBUG]  Removing old file: /Users/Lhand/Desktop/Classes/AVF/AVFWk2ProjectHandLevi1508/build/android/.classpath
[DEBUG]  Removing old file: /Users/Lhand/Desktop/Classes/AVF/AVFWk2ProjectHandLevi1508/build/android/.gitignore
[DEBUG]  Removing old file: /Users/Lhand/Desktop/Classes/AVF/AVFWk2ProjectHandLevi1508/build/android/.project
[DEBUG]  Removing old file: /Users/Lhand/Desktop/Classes/AVF/AVFWk2ProjectHandLevi1508/build/android/AndroidManifest.xml
[DEBUG]  Removing old file: /Users/Lhand/Desktop/Classes/AVF/AVFWk2ProjectHandLevi1508/build/android/default.properties
[DEBUG]  Removing old file: /Users/Lhand/Desktop/Classes/AVF/AVFWk2ProjectHandLevi1508/build/android/java-sources.txt
[DEBUG]  Copying template /Users/Lhand/Library/Application Support/Titanium/mobilesdk/osx/4.1.0.GA/android/templates/build/AppInfo.java => /Users/Lhand/Desktop/Classes/AVF/AVFWk2ProjectHandLevi1508/build/android/gen/com/HandLevi/Project2AVF1508/Avfwk2projecthandlevi1508AppInfo.java
[DEBUG]  Copying template /Users/Lhand/Library/Application Support/Titanium/mobilesdk/osx/4.1.0.GA/android/templates/build/App.java => /Users/Lhand/Desktop/Classes/AVF/AVFWk2ProjectHandLevi1508/build/android/gen/com/HandLevi/Project2AVF1508/Avfwk2projecthandlevi1508Application.java
[DEBUG]  Copying template /Users/Lhand/Library/Application Support/Titanium/mobilesdk/osx/4.1.0.GA/android/templates/build/Activity.java => /Users/Lhand/Desktop/Classes/AVF/AVFWk2ProjectHandLevi1508/build/android/gen/com/HandLevi/Project2AVF1508/Avfwk2projecthandlevi1508Activity.java
[DEBUG]  Copying template /Users/Lhand/Library/Application Support/Titanium/mobilesdk/osx/4.1.0.GA/android/templates/build/project => /Users/Lhand/Desktop/Classes/AVF/AVFWk2ProjectHandLevi1508/build/android/.project
[DEBUG]  Copying template /Users/Lhand/Library/Application Support/Titanium/mobilesdk/osx/4.1.0.GA/android/templates/build/default.properties => /Users/Lhand/Desktop/Classes/AVF/AVFWk2ProjectHandLevi1508/build/android/default.properties
[DEBUG]  Copying /Users/Lhand/Library/Application Support/Titanium/mobilesdk/osx/4.1.0.GA/android/templates/build/gitignore => /Users/Lhand/Desktop/Classes/AVF/AVFWk2ProjectHandLevi1508/build/android/.gitignore
[DEBUG]  Copying /Users/Lhand/Library/Application Support/Titanium/mobilesdk/osx/4.1.0.GA/android/templates/build/classpath => /Users/Lhand/Desktop/Classes/AVF/AVFWk2ProjectHandLevi1508/build/android/.classpath
[INFO]   No aidl files to compile, continuing
[INFO]   Generating i18n files
[DEBUG]  Merging en strings => /Users/Lhand/Desktop/Classes/AVF/AVFWk2ProjectHandLevi1508/build/android/res/values/strings.xml
[INFO]   Generating /Users/Lhand/Desktop/Classes/AVF/AVFWk2ProjectHandLevi1508/build/android/res/values/theme.xml
[INFO]   Packaging application: /Users/Lhand/Library/android-sdk-macosx/build-tools/23.0.0-preview/aapt "package" "-f" "-m" "-J" "/Users/Lhand/Desktop/Classes/AVF/AVFWk2ProjectHandLevi1508/build/android/gen" "-M" "/Users/Lhand/Desktop/Classes/AVF/AVFWk2ProjectHandLevi1508/build/android/AndroidManifest.xml" "-A" "/Users/Lhand/Desktop/Classes/AVF/AVFWk2ProjectHandLevi1508/build/android/bin/assets" "-S" "/Users/Lhand/Desktop/Classes/AVF/AVFWk2ProjectHandLevi1508/build/android/res" "-I" "/Users/Lhand/Library/android-sdk-macosx/platforms/android-22/android.jar" "-F" "/Users/Lhand/Desktop/Classes/AVF/AVFWk2ProjectHandLevi1508/build/android/bin/app.ap_" "--auto-add-overlay" "--extra-packages" "ti.modules.titanium.ui:android.support.v7.appcompat" "-S" "/var/folders/jq/zt5q19tj3l9g9_81d_5t_4nw0000gn/T/115715-55445-rvo44v/res" "-S" "/var/folders/jq/zt5q19tj3l9g9_81d_5t_4nw0000gn/T/115715-55445-1sytq0i/res"
[INFO]   Building Java source files: /Library/Java/JavaVirtualMachines/jdk1.7.0_80.jdk/Contents/Home/bin/javac "-J-Xmx256M" "-encoding" "utf8" "-bootclasspath" "/Users/Lhand/Library/android-sdk-macosx/platforms/android-22/android.jar:/Users/Lhand/Library/Application Support/Titanium/mobilesdk/osx/4.1.0.GA/android/kroll-v8.jar:/Users/Lhand/Library/Application Support/Titanium/mobilesdk/osx/4.1.0.GA/android/modules/titanium-analytics.jar:/Users/Lhand/Library/Application Support/Titanium/mobilesdk/osx/4.1.0.GA/android/aps-analytics.jar:/Users/Lhand/Library/Application Support/Titanium/mobilesdk/osx/4.1.0.GA/android/modules/titanium-android.jar:/Users/Lhand/Library/Application Support/Titanium/mobilesdk/osx/4.1.0.GA/android/jaxen-1.1.1.jar:/Users/Lhand/Library/Application Support/Titanium/mobilesdk/osx/4.1.0.GA/android/ti-commons-codec-1.3.jar:/Users/Lhand/Library/Application Support/Titanium/mobilesdk/osx/4.1.0.GA/android/kroll-common.jar:/Users/Lhand/Library/Application Support/Titanium/mobilesdk/osx/4.1.0.GA/android/titanium.jar:/Users/Lhand/Library/Application Support/Titanium/mobilesdk/osx/4.1.0.GA/android/modules/titanium-app.jar:/Users/Lhand/Library/Application Support/Titanium/mobilesdk/osx/4.1.0.GA/android/modules/titanium-ui.jar:/Users/Lhand/Library/Application Support/Titanium/mobilesdk/osx/4.1.0.GA/android/nineoldandroids-appc-2.4.0.jar:/Users/Lhand/Library/Application Support/Titanium/mobilesdk/osx/4.1.0.GA/android/modules/titanium-filesystem.jar:/Users/Lhand/Library/Application Support/Titanium/mobilesdk/osx/4.1.0.GA/android/modules/titanium-media.jar:/Users/Lhand/Library/Application Support/Titanium/mobilesdk/osx/4.1.0.GA/android/modules/titanium-appcompat.jar:/Users/Lhand/Library/Application Support/Titanium/mobilesdk/osx/4.1.0.GA/android/android-support-v4.jar:/Users/Lhand/Library/Application Support/Titanium/mobilesdk/osx/4.1.0.GA/android/android-support-v7-appcompat.jar:/Users/Lhand/Library/Application Support/Titanium/mobilesdk/osx/4.1.0.GA/android/modules/titanium-locale.jar:/Users/Lhand/Library/Application Support/Titanium/mobilesdk/osx/4.1.0.GA/android/modules/titanium-network.jar:/Users/Lhand/Library/Application Support/Titanium/mobilesdk/osx/4.1.0.GA/android/thirdparty.jar:/Users/Lhand/Library/Application Support/Titanium/mobilesdk/osx/4.1.0.GA/android/modules/titanium-xml.jar:/Users/Lhand/Library/Application Support/Titanium/mobilesdk/osx/4.1.0.GA/android/modules/titanium-platform.jar:/Users/Lhand/Library/Application Support/Titanium/mobilesdk/osx/4.1.0.GA/android/modules/titanium-geolocation.jar:/Users/Lhand/Library/Application Support/Titanium/mobilesdk/osx/4.1.0.GA/android/lib/titanium-verify.jar:R.class:ApplicationStylesheet.class:AssetCryptImpl.class:Avfwk2projecthandlevi1508Activity.class:Avfwk2projecthandlevi1508AppInfo.class:Avfwk2projecthandlevi1508Application.class" "-d" "/Users/Lhand/Desktop/Classes/AVF/AVFWk2ProjectHandLevi1508/build/android/bin/classes" "-proc:none" "-target" "1.6" "-source" "1.6" "@/Users/Lhand/Desktop/Classes/AVF/AVFWk2ProjectHandLevi1508/build/android/java-sources.txt"
[INFO]   Running dexer: /Library/Java/JavaVirtualMachines/jdk1.7.0_80.jdk/Contents/Home/bin/java "-Xmx1024M" "-XX:-UseGCOverheadLimit" "-Djava.ext.dirs=/Users/Lhand/Library/android-sdk-macosx/platform-tools" "-jar" "/Users/Lhand/Library/android-sdk-macosx/build-tools/23.0.0-preview/lib/dx.jar" "--dex" "--output=/Users/Lhand/Desktop/Classes/AVF/AVFWk2ProjectHandLevi1508/build/android/bin/classes.dex" "/Users/Lhand/Desktop/Classes/AVF/AVFWk2ProjectHandLevi1508/build/android/bin/classes" "/Users/Lhand/Library/Application Support/Titanium/mobilesdk/osx/4.1.0.GA/android/lib/titanium-verify.jar" "/Users/Lhand/Library/Application Support/Titanium/mobilesdk/osx/4.1.0.GA/android/kroll-v8.jar" "/Users/Lhand/Library/Application Support/Titanium/mobilesdk/osx/4.1.0.GA/android/modules/titanium-analytics.jar" "/Users/Lhand/Library/Application Support/Titanium/mobilesdk/osx/4.1.0.GA/android/aps-analytics.jar" "/Users/Lhand/Library/Application Support/Titanium/mobilesdk/osx/4.1.0.GA/android/modules/titanium-android.jar" "/Users/Lhand/Library/Application Support/Titanium/mobilesdk/osx/4.1.0.GA/android/jaxen-1.1.1.jar" "/Users/Lhand/Library/Application Support/Titanium/mobilesdk/osx/4.1.0.GA/android/ti-commons-codec-1.3.jar" "/Users/Lhand/Library/Application Support/Titanium/mobilesdk/osx/4.1.0.GA/android/kroll-common.jar" "/Users/Lhand/Library/Application Support/Titanium/mobilesdk/osx/4.1.0.GA/android/titanium.jar" "/Users/Lhand/Library/Application Support/Titanium/mobilesdk/osx/4.1.0.GA/android/modules/titanium-app.jar" "/Users/Lhand/Library/Application Support/Titanium/mobilesdk/osx/4.1.0.GA/android/modules/titanium-ui.jar" "/Users/Lhand/Library/Application Support/Titanium/mobilesdk/osx/4.1.0.GA/android/nineoldandroids-appc-2.4.0.jar" "/Users/Lhand/Library/Application Support/Titanium/mobilesdk/osx/4.1.0.GA/android/modules/titanium-filesystem.jar" "/Users/Lhand/Library/Application Support/Titanium/mobilesdk/osx/4.1.0.GA/android/modules/titanium-media.jar" "/Users/Lhand/Library/Application Support/Titanium/mobilesdk/osx/4.1.0.GA/android/modules/titanium-appcompat.jar" "/Users/Lhand/Library/Application Support/Titanium/mobilesdk/osx/4.1.0.GA/android/android-support-v4.jar" "/Users/Lhand/Library/Application Support/Titanium/mobilesdk/osx/4.1.0.GA/android/android-support-v7-appcompat.jar" "/Users/Lhand/Library/Application Support/Titanium/mobilesdk/osx/4.1.0.GA/android/modules/titanium-locale.jar" "/Users/Lhand/Library/Application Support/Titanium/mobilesdk/osx/4.1.0.GA/android/modules/titanium-network.jar" "/Users/Lhand/Library/Application Support/Titanium/mobilesdk/osx/4.1.0.GA/android/thirdparty.jar" "/Users/Lhand/Library/Application Support/Titanium/mobilesdk/osx/4.1.0.GA/android/modules/titanium-xml.jar" "/Users/Lhand/Library/Application Support/Titanium/mobilesdk/osx/4.1.0.GA/android/modules/titanium-platform.jar" "/Users/Lhand/Library/Application Support/Titanium/mobilesdk/osx/4.1.0.GA/android/modules/titanium-geolocation.jar"
[INFO]   Creating unsigned apk
[DEBUG]  Processing /Users/Lhand/Desktop/Classes/AVF/AVFWk2ProjectHandLevi1508/build/android/bin/app.ap_
[DEBUG]  Deflating AndroidManifest.xml
[DEBUG]  Adding assets/Resources/KS_nav_ui.png
[DEBUG]  Adding assets/Resources/KS_nav_views.png
[DEBUG]  Adding assets/Resources/appicon.png
[DEBUG]  Deflating assets/app.json
[DEBUG]  Deflating assets/index.json
[DEBUG]  Deflating res/anim/abc_fade_in.xml
[DEBUG]  Deflating res/anim/abc_fade_out.xml
[DEBUG]  Deflating res/anim/abc_grow_fade_in_from_bottom.xml
[DEBUG]  Deflating res/anim/abc_popup_enter.xml
[DEBUG]  Deflating res/anim/abc_popup_exit.xml
[DEBUG]  Deflating res/anim/abc_shrink_fade_out_from_bottom.xml
[DEBUG]  Deflating res/anim/abc_slide_in_bottom.xml
[DEBUG]  Deflating res/anim/abc_slide_in_top.xml
[DEBUG]  Deflating res/anim/abc_slide_out_bottom.xml
[DEBUG]  Deflating res/anim/abc_slide_out_top.xml
[DEBUG]  Deflating res/color-v11/abc_background_cache_hint_selector_material_dark.xml
[DEBUG]  Deflating res/color-v11/abc_background_cache_hint_selector_material_light.xml
[DEBUG]  Deflating res/color/abc_background_cache_hint_selector_material_dark.xml
[DEBUG]  Deflating res/color/abc_background_cache_hint_selector_material_light.xml
[DEBUG]  Deflating res/color/abc_primary_text_disable_only_material_dark.xml
[DEBUG]  Deflating res/color/abc_primary_text_disable_only_material_light.xml
[DEBUG]  Deflating res/color/abc_primary_text_material_dark.xml
[DEBUG]  Deflating res/color/abc_primary_text_material_light.xml
[DEBUG]  Deflating res/color/abc_search_url_text.xml
[DEBUG]  Deflating res/color/abc_secondary_text_material_dark.xml
[DEBUG]  Deflating res/color/abc_secondary_text_material_light.xml
[DEBUG]  Deflating res/color/switch_thumb_material_dark.xml
[DEBUG]  Deflating res/color/switch_thumb_material_light.xml
[DEBUG]  Adding res/drawable-hdpi-v4/abc_ab_share_pack_mtrl_alpha.9.png
[DEBUG]  Adding res/drawable-hdpi-v4/abc_btn_check_to_on_mtrl_000.png
[DEBUG]  Adding res/drawable-hdpi-v4/abc_btn_check_to_on_mtrl_015.png
[DEBUG]  Adding res/drawable-hdpi-v4/abc_btn_radio_to_on_mtrl_000.png
[DEBUG]  Adding res/drawable-hdpi-v4/abc_btn_radio_to_on_mtrl_015.png
[DEBUG]  Adding res/drawable-hdpi-v4/abc_btn_rating_star_off_mtrl_alpha.png
[DEBUG]  Adding res/drawable-hdpi-v4/abc_btn_rating_star_on_mtrl_alpha.png
[DEBUG]  Adding res/drawable-hdpi-v4/abc_btn_switch_to_on_mtrl_00001.9.png
[DEBUG]  Adding res/drawable-hdpi-v4/abc_btn_switch_to_on_mtrl_00012.9.png
[DEBUG]  Adding res/drawable-hdpi-v4/abc_cab_background_top_mtrl_alpha.9.png
[DEBUG]  Adding res/drawable-hdpi-v4/abc_ic_ab_back_mtrl_am_alpha.png
[DEBUG]  Adding res/drawable-hdpi-v4/abc_ic_clear_mtrl_alpha.png
[DEBUG]  Adding res/drawable-hdpi-v4/abc_ic_commit_search_api_mtrl_alpha.png
[DEBUG]  Adding res/drawable-hdpi-v4/abc_ic_go_search_api_mtrl_alpha.png
[DEBUG]  Adding res/drawable-hdpi-v4/abc_ic_menu_copy_mtrl_am_alpha.png
[DEBUG]  Adding res/drawable-hdpi-v4/abc_ic_menu_cut_mtrl_alpha.png
[DEBUG]  Adding res/drawable-hdpi-v4/abc_ic_menu_moreoverflow_mtrl_alpha.png
[DEBUG]  Adding res/drawable-hdpi-v4/abc_ic_menu_paste_mtrl_am_alpha.png
[DEBUG]  Adding res/drawable-hdpi-v4/abc_ic_menu_selectall_mtrl_alpha.png
[DEBUG]  Adding res/drawable-hdpi-v4/abc_ic_menu_share_mtrl_alpha.png
[DEBUG]  Adding res/drawable-hdpi-v4/abc_ic_search_api_mtrl_alpha.png
[DEBUG]  Adding res/drawable-hdpi-v4/abc_ic_voice_search_api_mtrl_alpha.png
[DEBUG]  Adding res/drawable-hdpi-v4/abc_list_divider_mtrl_alpha.9.png
[DEBUG]  Adding res/drawable-hdpi-v4/abc_list_focused_holo.9.png
[DEBUG]  Adding res/drawable-hdpi-v4/abc_list_longpressed_holo.9.png
[DEBUG]  Adding res/drawable-hdpi-v4/abc_list_pressed_holo_dark.9.png
[DEBUG]  Adding res/drawable-hdpi-v4/abc_list_pressed_holo_light.9.png
[DEBUG]  Adding res/drawable-hdpi-v4/abc_list_selector_disabled_holo_dark.9.png
[DEBUG]  Adding res/drawable-hdpi-v4/abc_list_selector_disabled_holo_light.9.png
[DEBUG]  Adding res/drawable-hdpi-v4/abc_menu_hardkey_panel_mtrl_mult.9.png
[DEBUG]  Adding res/drawable-hdpi-v4/abc_popup_background_mtrl_mult.9.png
[DEBUG]  Adding res/drawable-hdpi-v4/abc_spinner_mtrl_am_alpha.9.png
[DEBUG]  Adding res/drawable-hdpi-v4/abc_switch_track_mtrl_alpha.9.png
[DEBUG]  Adding res/drawable-hdpi-v4/abc_tab_indicator_mtrl_alpha.9.png
[DEBUG]  Adding res/drawable-hdpi-v4/abc_text_cursor_mtrl_alpha.9.png
[DEBUG]  Adding res/drawable-hdpi-v4/abc_textfield_activated_mtrl_alpha.9.png
[DEBUG]  Adding res/drawable-hdpi-v4/abc_textfield_default_mtrl_alpha.9.png
[DEBUG]  Adding res/drawable-hdpi-v4/abc_textfield_search_activated_mtrl_alpha.9.png
[DEBUG]  Adding res/drawable-hdpi-v4/abc_textfield_search_default_mtrl_alpha.9.png
[DEBUG]  Adding res/drawable-ldrtl-hdpi-v4/abc_ic_ab_back_mtrl_am_alpha.png
[DEBUG]  Adding res/drawable-ldrtl-hdpi-v4/abc_ic_menu_copy_mtrl_am_alpha.png
[DEBUG]  Adding res/drawable-ldrtl-hdpi-v4/abc_ic_menu_cut_mtrl_alpha.png
[DEBUG]  Adding res/drawable-ldrtl-hdpi-v4/abc_spinner_mtrl_am_alpha.9.png
[DEBUG]  Adding res/drawable-ldrtl-mdpi-v4/abc_ic_ab_back_mtrl_am_alpha.png
[DEBUG]  Adding res/drawable-ldrtl-mdpi-v4/abc_ic_menu_copy_mtrl_am_alpha.png
[DEBUG]  Adding res/drawable-ldrtl-mdpi-v4/abc_ic_menu_cut_mtrl_alpha.png
[DEBUG]  Adding res/drawable-ldrtl-mdpi-v4/abc_spinner_mtrl_am_alpha.9.png
[DEBUG]  Adding res/drawable-ldrtl-xhdpi-v4/abc_ic_ab_back_mtrl_am_alpha.png
[DEBUG]  Adding res/drawable-ldrtl-xhdpi-v4/abc_ic_menu_copy_mtrl_am_alpha.png
[DEBUG]  Adding res/drawable-ldrtl-xhdpi-v4/abc_ic_menu_cut_mtrl_alpha.png
[DEBUG]  Adding res/drawable-ldrtl-xhdpi-v4/abc_spinner_mtrl_am_alpha.9.png
[DEBUG]  Adding res/drawable-ldrtl-xxhdpi-v4/abc_ic_ab_back_mtrl_am_alpha.png
[DEBUG]  Adding res/drawable-ldrtl-xxhdpi-v4/abc_ic_menu_copy_mtrl_am_alpha.png
[DEBUG]  Adding res/drawable-ldrtl-xxhdpi-v4/abc_ic_menu_cut_mtrl_alpha.png
[DEBUG]  Adding res/drawable-ldrtl-xxhdpi-v4/abc_spinner_mtrl_am_alpha.9.png
[DEBUG]  Adding res/drawable-ldrtl-xxxhdpi-v4/abc_ic_ab_back_mtrl_am_alpha.png
[DEBUG]  Adding res/drawable-ldrtl-xxxhdpi-v4/abc_ic_menu_copy_mtrl_am_alpha.png
[DEBUG]  Adding res/drawable-ldrtl-xxxhdpi-v4/abc_ic_menu_cut_mtrl_alpha.png
[DEBUG]  Adding res/drawable-ldrtl-xxxhdpi-v4/abc_spinner_mtrl_am_alpha.9.png
[DEBUG]  Adding res/drawable-long-land-hdpi-v4/background.png
[DEBUG]  Adding res/drawable-long-land-ldpi-v4/background.png
[DEBUG]  Adding res/drawable-long-port-hdpi-v4/background.png
[DEBUG]  Adding res/drawable-long-port-ldpi-v4/background.png
[DEBUG]  Adding res/drawable-mdpi-v4/abc_ab_share_pack_mtrl_alpha.9.png
[DEBUG]  Adding res/drawable-mdpi-v4/abc_btn_check_to_on_mtrl_000.png
[DEBUG]  Adding res/drawable-mdpi-v4/abc_btn_check_to_on_mtrl_015.png
[DEBUG]  Adding res/drawable-mdpi-v4/abc_btn_radio_to_on_mtrl_000.png
[DEBUG]  Adding res/drawable-mdpi-v4/abc_btn_radio_to_on_mtrl_015.png
[DEBUG]  Adding res/drawable-mdpi-v4/abc_btn_rating_star_off_mtrl_alpha.png
[DEBUG]  Adding res/drawable-mdpi-v4/abc_btn_rating_star_on_mtrl_alpha.png
[DEBUG]  Adding res/drawable-mdpi-v4/abc_btn_switch_to_on_mtrl_00001.9.png
[DEBUG]  Adding res/drawable-mdpi-v4/abc_btn_switch_to_on_mtrl_00012.9.png
[DEBUG]  Adding res/drawable-mdpi-v4/abc_cab_background_top_mtrl_alpha.9.png
[DEBUG]  Adding res/drawable-mdpi-v4/abc_ic_ab_back_mtrl_am_alpha.png
[DEBUG]  Adding res/drawable-mdpi-v4/abc_ic_clear_mtrl_alpha.png
[DEBUG]  Adding res/drawable-mdpi-v4/abc_ic_commit_search_api_mtrl_alpha.png
[DEBUG]  Adding res/drawable-mdpi-v4/abc_ic_go_search_api_mtrl_alpha.png
[DEBUG]  Adding res/drawable-mdpi-v4/abc_ic_menu_copy_mtrl_am_alpha.png
[DEBUG]  Adding res/drawable-mdpi-v4/abc_ic_menu_cut_mtrl_alpha.png
[DEBUG]  Adding res/drawable-mdpi-v4/abc_ic_menu_moreoverflow_mtrl_alpha.png
[DEBUG]  Adding res/drawable-mdpi-v4/abc_ic_menu_paste_mtrl_am_alpha.png
[DEBUG]  Adding res/drawable-mdpi-v4/abc_ic_menu_selectall_mtrl_alpha.png
[DEBUG]  Adding res/drawable-mdpi-v4/abc_ic_menu_share_mtrl_alpha.png
[DEBUG]  Adding res/drawable-mdpi-v4/abc_ic_search_api_mtrl_alpha.png
[DEBUG]  Adding res/drawable-mdpi-v4/abc_ic_voice_search_api_mtrl_alpha.png
[DEBUG]  Adding res/drawable-mdpi-v4/abc_list_divider_mtrl_alpha.9.png
[DEBUG]  Adding res/drawable-mdpi-v4/abc_list_focused_holo.9.png
[DEBUG]  Adding res/drawable-mdpi-v4/abc_list_longpressed_holo.9.png
[DEBUG]  Adding res/drawable-mdpi-v4/abc_list_pressed_holo_dark.9.png
[DEBUG]  Adding res/drawable-mdpi-v4/abc_list_pressed_holo_light.9.png
[DEBUG]  Adding res/drawable-mdpi-v4/abc_list_selector_disabled_holo_dark.9.png
[DEBUG]  Adding res/drawable-mdpi-v4/abc_list_selector_disabled_holo_light.9.png
[DEBUG]  Adding res/drawable-mdpi-v4/abc_menu_hardkey_panel_mtrl_mult.9.png
[DEBUG]  Adding res/drawable-mdpi-v4/abc_popup_background_mtrl_mult.9.png
[DEBUG]  Adding res/drawable-mdpi-v4/abc_spinner_mtrl_am_alpha.9.png
[DEBUG]  Adding res/drawable-mdpi-v4/abc_switch_track_mtrl_alpha.9.png
[DEBUG]  Adding res/drawable-mdpi-v4/abc_tab_indicator_mtrl_alpha.9.png
[DEBUG]  Adding res/drawable-mdpi-v4/abc_text_cursor_mtrl_alpha.9.png
[DEBUG]  Adding res/drawable-mdpi-v4/abc_textfield_activated_mtrl_alpha.9.png
[DEBUG]  Adding res/drawable-mdpi-v4/abc_textfield_default_mtrl_alpha.9.png
[DEBUG]  Adding res/drawable-mdpi-v4/abc_textfield_search_activated_mtrl_alpha.9.png
[DEBUG]  Adding res/drawable-mdpi-v4/abc_textfield_search_default_mtrl_alpha.9.png
[DEBUG]  Adding res/drawable-notlong-land-hdpi-v4/background.png
[DEBUG]  Adding res/drawable-notlong-land-ldpi-v4/background.png
[DEBUG]  Adding res/drawable-notlong-land-mdpi-v4/background.png
[DEBUG]  Adding res/drawable-notlong-port-hdpi-v4/background.png
[DEBUG]  Adding res/drawable-notlong-port-ldpi-v4/background.png
[DEBUG]  Adding res/drawable-notlong-port-mdpi-v4/background.png
[DEBUG]  Adding res/drawable-tvdpi-v4/abc_btn_switch_to_on_mtrl_00001.9.png
[DEBUG]  Adding res/drawable-tvdpi-v4/abc_btn_switch_to_on_mtrl_00012.9.png
[DEBUG]  Adding res/drawable-xhdpi-v4/abc_ab_share_pack_mtrl_alpha.9.png
[DEBUG]  Adding res/drawable-xhdpi-v4/abc_btn_check_to_on_mtrl_000.png
[DEBUG]  Adding res/drawable-xhdpi-v4/abc_btn_check_to_on_mtrl_015.png
[DEBUG]  Adding res/drawable-xhdpi-v4/abc_btn_radio_to_on_mtrl_000.png
[DEBUG]  Adding res/drawable-xhdpi-v4/abc_btn_radio_to_on_mtrl_015.png
[DEBUG]  Adding res/drawable-xhdpi-v4/abc_btn_rating_star_off_mtrl_alpha.png
[DEBUG]  Adding res/drawable-xhdpi-v4/abc_btn_rating_star_on_mtrl_alpha.png
[DEBUG]  Adding res/drawable-xhdpi-v4/abc_btn_switch_to_on_mtrl_00001.9.png
[DEBUG]  Adding res/drawable-xhdpi-v4/abc_btn_switch_to_on_mtrl_00012.9.png
[DEBUG]  Adding res/drawable-xhdpi-v4/abc_cab_background_top_mtrl_alpha.9.png
[DEBUG]  Adding res/drawable-xhdpi-v4/abc_ic_ab_back_mtrl_am_alpha.png
[DEBUG]  Adding res/drawable-xhdpi-v4/abc_ic_clear_mtrl_alpha.png
[DEBUG]  Adding res/drawable-xhdpi-v4/abc_ic_commit_search_api_mtrl_alpha.png
[DEBUG]  Adding res/drawable-xhdpi-v4/abc_ic_go_search_api_mtrl_alpha.png
[DEBUG]  Adding res/drawable-xhdpi-v4/abc_ic_menu_copy_mtrl_am_alpha.png
[DEBUG]  Adding res/drawable-xhdpi-v4/abc_ic_menu_cut_mtrl_alpha.png
[DEBUG]  Adding res/drawable-xhdpi-v4/abc_ic_menu_moreoverflow_mtrl_alpha.png
[DEBUG]  Adding res/drawable-xhdpi-v4/abc_ic_menu_paste_mtrl_am_alpha.png
[DEBUG]  Adding res/drawable-xhdpi-v4/abc_ic_menu_selectall_mtrl_alpha.png
[DEBUG]  Adding res/drawable-xhdpi-v4/abc_ic_menu_share_mtrl_alpha.png
[DEBUG]  Adding res/drawable-xhdpi-v4/abc_ic_search_api_mtrl_alpha.png
[DEBUG]  Adding res/drawable-xhdpi-v4/abc_ic_voice_search_api_mtrl_alpha.png
[DEBUG]  Adding res/drawable-xhdpi-v4/abc_list_divider_mtrl_alpha.9.png
[DEBUG]  Adding res/drawable-xhdpi-v4/abc_list_focused_holo.9.png
[DEBUG]  Adding res/drawable-xhdpi-v4/abc_list_longpressed_holo.9.png
[DEBUG]  Adding res/drawable-xhdpi-v4/abc_list_pressed_holo_dark.9.png
[DEBUG]  Adding res/drawable-xhdpi-v4/abc_list_pressed_holo_light.9.png
[DEBUG]  Adding res/drawable-xhdpi-v4/abc_list_selector_disabled_holo_dark.9.png
[DEBUG]  Adding res/drawable-xhdpi-v4/abc_list_selector_disabled_holo_light.9.png
[DEBUG]  Adding res/drawable-xhdpi-v4/abc_menu_hardkey_panel_mtrl_mult.9.png
[DEBUG]  Adding res/drawable-xhdpi-v4/abc_popup_background_mtrl_mult.9.png
[DEBUG]  Adding res/drawable-xhdpi-v4/abc_spinner_mtrl_am_alpha.9.png
[DEBUG]  Adding res/drawable-xhdpi-v4/abc_switch_track_mtrl_alpha.9.png
[DEBUG]  Adding res/drawable-xhdpi-v4/abc_tab_indicator_mtrl_alpha.9.png
[DEBUG]  Adding res/drawable-xhdpi-v4/abc_text_cursor_mtrl_alpha.9.png
[DEBUG]  Adding res/drawable-xhdpi-v4/abc_textfield_activated_mtrl_alpha.9.png
[DEBUG]  Adding res/drawable-xhdpi-v4/abc_textfield_default_mtrl_alpha.9.png
[DEBUG]  Adding res/drawable-xhdpi-v4/abc_textfield_search_activated_mtrl_alpha.9.png
[DEBUG]  Adding res/drawable-xhdpi-v4/abc_textfield_search_default_mtrl_alpha.9.png
[DEBUG]  Adding res/drawable-xxhdpi-v4/abc_ab_share_pack_mtrl_alpha.9.png
[DEBUG]  Adding res/drawable-xxhdpi-v4/abc_btn_check_to_on_mtrl_000.png
[DEBUG]  Adding res/drawable-xxhdpi-v4/abc_btn_check_to_on_mtrl_015.png
[DEBUG]  Adding res/drawable-xxhdpi-v4/abc_btn_radio_to_on_mtrl_000.png
[DEBUG]  Adding res/drawable-xxhdpi-v4/abc_btn_radio_to_on_mtrl_015.png
[DEBUG]  Adding res/drawable-xxhdpi-v4/abc_btn_rating_star_off_mtrl_alpha.png
[DEBUG]  Adding res/drawable-xxhdpi-v4/abc_btn_rating_star_on_mtrl_alpha.png
[DEBUG]  Adding res/drawable-xxhdpi-v4/abc_btn_switch_to_on_mtrl_00001.9.png
[DEBUG]  Adding res/drawable-xxhdpi-v4/abc_btn_switch_to_on_mtrl_00012.9.png
[DEBUG]  Adding res/drawable-xxhdpi-v4/abc_cab_background_top_mtrl_alpha.9.png
[DEBUG]  Adding res/drawable-xxhdpi-v4/abc_ic_ab_back_mtrl_am_alpha.png
[DEBUG]  Adding res/drawable-xxhdpi-v4/abc_ic_clear_mtrl_alpha.png
[DEBUG]  Adding res/drawable-xxhdpi-v4/abc_ic_commit_search_api_mtrl_alpha.png
[DEBUG]  Adding res/drawable-xxhdpi-v4/abc_ic_go_search_api_mtrl_alpha.png
[DEBUG]  Adding res/drawable-xxhdpi-v4/abc_ic_menu_copy_mtrl_am_alpha.png
[DEBUG]  Adding res/drawable-xxhdpi-v4/abc_ic_menu_cut_mtrl_alpha.png
[DEBUG]  Adding res/drawable-xxhdpi-v4/abc_ic_menu_moreoverflow_mtrl_alpha.png
[DEBUG]  Adding res/drawable-xxhdpi-v4/abc_ic_menu_paste_mtrl_am_alpha.png
[DEBUG]  Adding res/drawable-xxhdpi-v4/abc_ic_menu_selectall_mtrl_alpha.png
[DEBUG]  Adding res/drawable-xxhdpi-v4/abc_ic_menu_share_mtrl_alpha.png
[DEBUG]  Adding res/drawable-xxhdpi-v4/abc_ic_search_api_mtrl_alpha.png
[DEBUG]  Adding res/drawable-xxhdpi-v4/abc_ic_voice_search_api_mtrl_alpha.png
[DEBUG]  Adding res/drawable-xxhdpi-v4/abc_list_divider_mtrl_alpha.9.png
[DEBUG]  Adding res/drawable-xxhdpi-v4/abc_list_focused_holo.9.png
[DEBUG]  Adding res/drawable-xxhdpi-v4/abc_list_longpressed_holo.9.png
[DEBUG]  Adding res/drawable-xxhdpi-v4/abc_list_pressed_holo_dark.9.png
[DEBUG]  Adding res/drawable-xxhdpi-v4/abc_list_pressed_holo_light.9.png
[DEBUG]  Adding res/drawable-xxhdpi-v4/abc_list_selector_disabled_holo_dark.9.png
[DEBUG]  Adding res/drawable-xxhdpi-v4/abc_list_selector_disabled_holo_light.9.png
[DEBUG]  Adding res/drawable-xxhdpi-v4/abc_menu_hardkey_panel_mtrl_mult.9.png
[DEBUG]  Adding res/drawable-xxhdpi-v4/abc_popup_background_mtrl_mult.9.png
[DEBUG]  Adding res/drawable-xxhdpi-v4/abc_spinner_mtrl_am_alpha.9.png
[DEBUG]  Adding res/drawable-xxhdpi-v4/abc_switch_track_mtrl_alpha.9.png
[DEBUG]  Adding res/drawable-xxhdpi-v4/abc_tab_indicator_mtrl_alpha.9.png
[DEBUG]  Adding res/drawable-xxhdpi-v4/abc_text_cursor_mtrl_alpha.9.png
[DEBUG]  Adding res/drawable-xxhdpi-v4/abc_textfield_activated_mtrl_alpha.9.png
[DEBUG]  Adding res/drawable-xxhdpi-v4/abc_textfield_default_mtrl_alpha.9.png
[DEBUG]  Adding res/drawable-xxhdpi-v4/abc_textfield_search_activated_mtrl_alpha.9.png
[DEBUG]  Adding res/drawable-xxhdpi-v4/abc_textfield_search_default_mtrl_alpha.9.png
[DEBUG]  Adding res/drawable-xxxhdpi-v4/abc_btn_check_to_on_mtrl_000.png
[DEBUG]  Adding res/drawable-xxxhdpi-v4/abc_btn_check_to_on_mtrl_015.png
[DEBUG]  Adding res/drawable-xxxhdpi-v4/abc_btn_radio_to_on_mtrl_000.png
[DEBUG]  Adding res/drawable-xxxhdpi-v4/abc_btn_radio_to_on_mtrl_015.png
[DEBUG]  Adding res/drawable-xxxhdpi-v4/abc_btn_switch_to_on_mtrl_00001.9.png
[DEBUG]  Adding res/drawable-xxxhdpi-v4/abc_btn_switch_to_on_mtrl_00012.9.png
[DEBUG]  Adding res/drawable-xxxhdpi-v4/abc_ic_ab_back_mtrl_am_alpha.png
[DEBUG]  Adding res/drawable-xxxhdpi-v4/abc_ic_clear_mtrl_alpha.png
[DEBUG]  Adding res/drawable-xxxhdpi-v4/abc_ic_menu_copy_mtrl_am_alpha.png
[DEBUG]  Adding res/drawable-xxxhdpi-v4/abc_ic_menu_cut_mtrl_alpha.png
[DEBUG]  Adding res/drawable-xxxhdpi-v4/abc_ic_menu_moreoverflow_mtrl_alpha.png
[DEBUG]  Adding res/drawable-xxxhdpi-v4/abc_ic_menu_paste_mtrl_am_alpha.png
[DEBUG]  Adding res/drawable-xxxhdpi-v4/abc_ic_menu_selectall_mtrl_alpha.png
[DEBUG]  Adding res/drawable-xxxhdpi-v4/abc_ic_menu_share_mtrl_alpha.png
[DEBUG]  Adding res/drawable-xxxhdpi-v4/abc_ic_search_api_mtrl_alpha.png
[DEBUG]  Adding res/drawable-xxxhdpi-v4/abc_ic_voice_search_api_mtrl_alpha.png
[DEBUG]  Adding res/drawable-xxxhdpi-v4/abc_spinner_mtrl_am_alpha.9.png
[DEBUG]  Adding res/drawable-xxxhdpi-v4/abc_switch_track_mtrl_alpha.9.png
[DEBUG]  Adding res/drawable-xxxhdpi-v4/abc_tab_indicator_mtrl_alpha.9.png
[DEBUG]  Deflating res/drawable/abc_btn_borderless_material.xml
[DEBUG]  Deflating res/drawable/abc_btn_check_material.xml
[DEBUG]  Deflating res/drawable/abc_btn_default_mtrl_shape.xml
[DEBUG]  Deflating res/drawable/abc_btn_radio_material.xml
[DEBUG]  Deflating res/drawable/abc_cab_background_internal_bg.xml
[DEBUG]  Deflating res/drawable/abc_cab_background_top_material.xml
[DEBUG]  Deflating res/drawable/abc_dialog_material_background_dark.xml
[DEBUG]  Deflating res/drawable/abc_dialog_material_background_light.xml
[DEBUG]  Deflating res/drawable/abc_edit_text_material.xml
[DEBUG]  Deflating res/drawable/abc_item_background_holo_dark.xml
[DEBUG]  Deflating res/drawable/abc_item_background_holo_light.xml
[DEBUG]  Deflating res/drawable/abc_list_selector_background_transition_holo_dark.xml
[DEBUG]  Deflating res/drawable/abc_list_selector_background_transition_holo_light.xml
[DEBUG]  Deflating res/drawable/abc_list_selector_holo_dark.xml
[DEBUG]  Deflating res/drawable/abc_list_selector_holo_light.xml
[DEBUG]  Deflating res/drawable/abc_ratingbar_full_material.xml
[DEBUG]  Deflating res/drawable/abc_spinner_textfield_background_material.xml
[DEBUG]  Deflating res/drawable/abc_switch_thumb_material.xml
[DEBUG]  Deflating res/drawable/abc_tab_indicator_material.xml
[DEBUG]  Deflating res/drawable/abc_textfield_search_material.xml
[DEBUG]  Adding res/drawable/appicon.png
[DEBUG]  Adding res/drawable/background.png
[DEBUG]  Adding res/drawable/btn_check_buttonless_on_64.png
[DEBUG]  Adding res/drawable/btn_more_64.png
[DEBUG]  Adding res/drawable/disclosure_64.png
[DEBUG]  Deflating res/layout-v11/abc_screen_content_include.xml
[DEBUG]  Deflating res/layout-v17/abc_alert_dialog_material.xml
[DEBUG]  Deflating res/layout-v17/abc_dialog_title_material.xml
[DEBUG]  Deflating res/layout-v17/abc_search_view.xml
[DEBUG]  Deflating res/layout-v21/abc_screen_toolbar.xml
[DEBUG]  Deflating res/layout/abc_action_bar_title_item.xml
[DEBUG]  Deflating res/layout/abc_action_bar_up_container.xml
[DEBUG]  Deflating res/layout/abc_action_bar_view_list_nav_layout.xml
[DEBUG]  Deflating res/layout/abc_action_menu_item_layout.xml
[DEBUG]  Deflating res/layout/abc_action_menu_layout.xml
[DEBUG]  Deflating res/layout/abc_action_mode_bar.xml
[DEBUG]  Deflating res/layout/abc_action_mode_close_item_material.xml
[DEBUG]  Deflating res/layout/abc_activity_chooser_view.xml
[DEBUG]  Deflating res/layout/abc_activity_chooser_view_list_item.xml
[DEBUG]  Deflating res/layout/abc_alert_dialog_material.xml
[DEBUG]  Deflating res/layout/abc_dialog_title_material.xml
[DEBUG]  Deflating res/layout/abc_expanded_menu_layout.xml
[DEBUG]  Deflating res/layout/abc_list_menu_item_checkbox.xml
[DEBUG]  Deflating res/layout/abc_list_menu_item_icon.xml
[DEBUG]  Deflating res/layout/abc_list_menu_item_layout.xml
[DEBUG]  Deflating res/layout/abc_list_menu_item_radio.xml
[DEBUG]  Deflating res/layout/abc_popup_menu_item_layout.xml
[DEBUG]  Deflating res/layout/abc_screen_content_include.xml
[DEBUG]  Deflating res/layout/abc_screen_simple.xml
[DEBUG]  Deflating res/layout/abc_screen_simple_overlay_action_mode.xml
[DEBUG]  Deflating res/layout/abc_screen_toolbar.xml
[DEBUG]  Deflating res/layout/abc_search_dropdown_item_icons_2line.xml
[DEBUG]  Deflating res/layout/abc_search_view.xml
[DEBUG]  Deflating res/layout/abc_select_dialog_material.xml
[DEBUG]  Deflating res/layout/abc_simple_dropdown_hint.xml
[DEBUG]  Deflating res/layout/select_dialog_item_material.xml
[DEBUG]  Deflating res/layout/select_dialog_multichoice_material.xml
[DEBUG]  Deflating res/layout/select_dialog_singlechoice_material.xml
[DEBUG]  Deflating res/layout/support_simple_spinner_dropdown_item.xml
[DEBUG]  Deflating res/layout/titanium_tabgroup.xml
[DEBUG]  Deflating res/layout/titanium_ui_checkbox.xml
[DEBUG]  Deflating res/layout/titanium_ui_edittext.xml
[DEBUG]  Deflating res/layout/titanium_ui_list_header_or_footer.xml
[DEBUG]  Deflating res/layout/titanium_ui_list_item.xml
[DEBUG]  Deflating res/layout/titanium_ui_spinner.xml
[DEBUG]  Deflating res/layout/titanium_ui_switchcompat.xml
[DEBUG]  Deflating resources.arsc
[DEBUG]  Processing /Users/Lhand/Library/Application Support/Titanium/mobilesdk/osx/4.1.0.GA/android/kroll-v8.jar
[DEBUG]  Processing /Users/Lhand/Library/Application Support/Titanium/mobilesdk/osx/4.1.0.GA/android/modules/titanium-analytics.jar
[DEBUG]  Processing /Users/Lhand/Library/Application Support/Titanium/mobilesdk/osx/4.1.0.GA/android/aps-analytics.jar
[DEBUG]  Processing /Users/Lhand/Library/Application Support/Titanium/mobilesdk/osx/4.1.0.GA/android/modules/titanium-android.jar
[DEBUG]  Processing /Users/Lhand/Library/Application Support/Titanium/mobilesdk/osx/4.1.0.GA/android/jaxen-1.1.1.jar
[DEBUG]  Processing /Users/Lhand/Library/Application Support/Titanium/mobilesdk/osx/4.1.0.GA/android/ti-commons-codec-1.3.jar
[DEBUG]  Processing /Users/Lhand/Library/Application Support/Titanium/mobilesdk/osx/4.1.0.GA/android/kroll-common.jar
[DEBUG]  Processing /Users/Lhand/Library/Application Support/Titanium/mobilesdk/osx/4.1.0.GA/android/titanium.jar
[DEBUG]  Deflating org/appcelerator/titanium/build.properties
[DEBUG]  Adding org/appcelerator/titanium/res/drawable/background.png
[DEBUG]  Adding org/appcelerator/titanium/res/drawable/btn_check_buttonless_on.png
[DEBUG]  Adding org/appcelerator/titanium/res/drawable/btn_check_buttonless_on_100.png
[DEBUG]  Adding org/appcelerator/titanium/res/drawable/btn_check_buttonless_on_18.png
[DEBUG]  Adding org/appcelerator/titanium/res/drawable/btn_check_buttonless_on_48.png
[DEBUG]  Adding org/appcelerator/titanium/res/drawable/btn_check_buttonless_on_64.png
[DEBUG]  Adding org/appcelerator/titanium/res/drawable/btn_more.png
[DEBUG]  Adding org/appcelerator/titanium/res/drawable/btn_more_100.png
[DEBUG]  Adding org/appcelerator/titanium/res/drawable/btn_more_18.png
[DEBUG]  Adding org/appcelerator/titanium/res/drawable/btn_more_48.png
[DEBUG]  Adding org/appcelerator/titanium/res/drawable/btn_more_64.png
[DEBUG]  Adding org/appcelerator/titanium/res/drawable/btn_picker_normal.9.png
[DEBUG]  Adding org/appcelerator/titanium/res/drawable/btn_picker_pressed.9.png
[DEBUG]  Adding org/appcelerator/titanium/res/drawable/btn_picker_selected.9.png
[DEBUG]  Adding org/appcelerator/titanium/res/drawable/default_icon.png
[DEBUG]  Adding org/appcelerator/titanium/res/drawable/photoDefault.png
[DEBUG]  Processing /Users/Lhand/Library/Application Support/Titanium/mobilesdk/osx/4.1.0.GA/android/modules/titanium-app.jar
[DEBUG]  Processing /Users/Lhand/Library/Application Support/Titanium/mobilesdk/osx/4.1.0.GA/android/modules/titanium-ui.jar
[DEBUG]  Deflating ti/modules/titanium/ui/widget/webview/binding.js
[DEBUG]  Deflating ti/modules/titanium/ui/widget/webview/binding.min.js
[DEBUG]  Deflating ti/modules/titanium/ui/widget/webview/json2.js
[DEBUG]  Deflating ti/modules/titanium/ui/widget/webview/polling.js
[DEBUG]  Deflating ti/modules/titanium/ui/widget/webview/polling.min.js
[DEBUG]  Processing /Users/Lhand/Library/Application Support/Titanium/mobilesdk/osx/4.1.0.GA/android/nineoldandroids-appc-2.4.0.jar
[DEBUG]  Processing /Users/Lhand/Library/Application Support/Titanium/mobilesdk/osx/4.1.0.GA/android/modules/titanium-filesystem.jar
[DEBUG]  Processing /Users/Lhand/Library/Application Support/Titanium/mobilesdk/osx/4.1.0.GA/android/modules/titanium-media.jar
[DEBUG]  Processing /Users/Lhand/Library/Application Support/Titanium/mobilesdk/osx/4.1.0.GA/android/modules/titanium-appcompat.jar
[DEBUG]  Processing /Users/Lhand/Library/Application Support/Titanium/mobilesdk/osx/4.1.0.GA/android/android-support-v4.jar
[DEBUG]  Processing /Users/Lhand/Library/Application Support/Titanium/mobilesdk/osx/4.1.0.GA/android/android-support-v7-appcompat.jar
[DEBUG]  Processing /Users/Lhand/Library/Application Support/Titanium/mobilesdk/osx/4.1.0.GA/android/modules/titanium-locale.jar
[DEBUG]  Processing /Users/Lhand/Library/Application Support/Titanium/mobilesdk/osx/4.1.0.GA/android/modules/titanium-network.jar
[DEBUG]  Processing /Users/Lhand/Library/Application Support/Titanium/mobilesdk/osx/4.1.0.GA/android/thirdparty.jar
[DEBUG]  Deflating org/apache/Commons-NOTICE.txt
[DEBUG]  Deflating org/apache/HttpComponents-NOTICE.txt
[DEBUG]  Deflating org/apache/mime4j-NOTICE.txt
[DEBUG]  Processing /Users/Lhand/Library/Application Support/Titanium/mobilesdk/osx/4.1.0.GA/android/modules/titanium-xml.jar
[DEBUG]  Processing /Users/Lhand/Library/Application Support/Titanium/mobilesdk/osx/4.1.0.GA/android/modules/titanium-platform.jar
[DEBUG]  Processing /Users/Lhand/Library/Application Support/Titanium/mobilesdk/osx/4.1.0.GA/android/modules/titanium-geolocation.jar
[DEBUG]  Adding classes.dex
[INFO]   Processing /Users/Lhand/Desktop/Classes/AVF/AVFWk2ProjectHandLevi1508/build/android/src
[DEBUG]  Adding lib/armeabi/libkroll-v8.so
[DEBUG]  Adding lib/armeabi/libstlport_shared.so
[DEBUG]  Adding lib/armeabi/libtiverify.so
[DEBUG]  Adding lib/armeabi-v7a/libkroll-v8.so
[DEBUG]  Adding lib/armeabi-v7a/libstlport_shared.so
[DEBUG]  Adding lib/armeabi-v7a/libtiverify.so
[DEBUG]  Adding lib/x86/libkroll-v8.so
[DEBUG]  Adding lib/x86/libstlport_shared.so
[DEBUG]  Adding lib/x86/libtiverify.so
[INFO]   Writing unsigned apk: /Users/Lhand/Desktop/Classes/AVF/AVFWk2ProjectHandLevi1508/build/android/bin/app-unsigned.apk
[INFO]   Using MD5withRSA signature algorithm
[INFO]   Signing apk: /Library/Java/JavaVirtualMachines/jdk1.7.0_80.jdk/Contents/Home/bin/jarsigner "-sigalg" "MD5withRSA" "-digestalg" "SHA1" "-keystore" "/Users/Lhand/Library/Application Support/Titanium/mobilesdk/osx/4.1.0.GA/android/dev_keystore" "-storepass" "*******" "-signedjar" "/Users/Lhand/Desktop/Classes/AVF/AVFWk2ProjectHandLevi1508/build/android/bin/AVFWk2ProjectHandLevi1508.apk" "/Users/Lhand/Desktop/Classes/AVF/AVFWk2ProjectHandLevi1508/build/android/bin/app-unsigned.apk" "tidev"
[INFO]   Aligning zip file: /Users/Lhand/Library/android-sdk-macosx/build-tools/23.0.0-preview/zipalign "-v" "4" "/Users/Lhand/Desktop/Classes/AVF/AVFWk2ProjectHandLevi1508/build/android/bin/AVFWk2ProjectHandLevi1508.apk" "/Users/Lhand/Desktop/Classes/AVF/AVFWk2ProjectHandLevi1508/build/android/bin/AVFWk2ProjectHandLevi1508.apkz"
[INFO]   Writing build manifest: /Users/Lhand/Desktop/Classes/AVF/AVFWk2ProjectHandLevi1508/build/android/build-manifest.json
[INFO]   Making sure the adb server is running
[INFO]   Installing apk: /Users/Lhand/Desktop/Classes/AVF/AVFWk2ProjectHandLevi1508/build/android/bin/AVFWk2ProjectHandLevi1508.apk
[INFO]   Installing app on device: SM-G920V
[TRACE]  Checking if package manager service is started
[TRACE]  Package manager has started
[TRACE]  Executing: /Users/Lhand/Library/android-sdk-macosx/platform-tools/adb -s 05157df5ad18db05 install -r /Users/Lhand/Desktop/Classes/AVF/AVFWk2ProjectHandLevi1508/build/android/bin/AVFWk2ProjectHandLevi1508.apk
[INFO]   App successfully installed
[INFO]   Starting app: com.HandLevi.Project2AVF1508/.Avfwk2projecthandlevi1508Activity
[DEBUG]  Trying to start the app...
[INFO]   Application pid: 18317
-- Start application log -----------------------------------------------------
[ERROR]  Zygote: MountEmulatedStorage()
[ERROR]  Zygote: v2
[INFO]   SELinux: Function: selinux_compare_spd_ram , priority [2] , priority version is VE=SEPF_SM-G920V_5.0.2_0011
[ERROR]  SELinux: [DEBUG] get_category: variable seinfo: default sensitivity: NULL, cateogry: NULL
[DEBUG]  TimaKeyStoreProvider: TimaSignature is unavailable
[DEBUG]  ActivityThread: Added TimaKeyStore provider
[INFO]   InjectionManager: Inside getClassLibPath + mLibMap{0=, 1=}
[INFO]   InjectionManager: Inside getClassLibPath caller
[INFO]   TiApplication: (main) [0,0] checkpoint, app created.
[INFO]   TiApplication: (main) [44,44] Titanium 4.1.0 (2015/07/06 11:15 d57aa7d)
[INFO]   DatabaseHelper: No value in database for platform key: 'unique_machine_id' returning supplied default ''
[INFO]   Project built successfully in 40s 348ms
